============================================================================
2023-09-13 10:33:25:
SerialPort Count:0
============================================================================
2023-09-13 10:33:25:
SerialPort Count:00
Their is no any SerialPort on your computer!
============================================================================
2023-09-13 10:34:57:
SerialPort Count:0
============================================================================
2023-09-13 10:34:57:
SerialPort Count:00
Their is no any SerialPort on your computer!
============================================================================
2023-09-13 10:44:43:
SerialPort Count:0
============================================================================
2023-09-13 10:44:43:
SerialPort Count:00
Their is no any SerialPort on your computer!
============================================================================
2023-09-13 10:45:02:
SerialPort Count:1
COM4

============================================================================
2023-09-13 10:45:18:
收到数据:Van de Graaff:
HW: V0.1.1
FW: V1.0.1
Nov 16 2015 21:28:34


$ 12345
============================================================================
2023-09-13 10:45:44:
收到数据:12 3456
============================================================================
2023-09-13 10:45:49:
收到数据:123456
============================================================================
2023-09-13 10:45:55:
收到数据:123456
============================================================================
2023-09-13 10:45:57:
收到数据:123456
