============================================================================
2023-09-13 11:26:33:
SerialPort Count:1
COM4

============================================================================
2023-09-13 11:26:39:
收到数据:?
============================================================================
2023-09-13 11:26:46:
收到数据:12345
============================================================================
2023-09-13 11:58:57:
SerialPort Count:1
COM4

============================================================================
2023-09-13 11:59:08:
收到数据:qwer
============================================================================
2023-09-13 11:59:39:
Input string was not in a correct format.
