
异常时间：2024-03-06 11:50:54,472 [12] 
异常级别：ERROR 
异常位置：[12] (E:\Work Projects\设备系统\SBGL\Applet\API_Server\Asset\Controllers\FileController.cs:45) 
消息描述：System.FormatException: 输入字符串的格式不正确。
   在 System.Number.StringToNumber(String str, NumberStyles options, NumberBuffer& number, NumberFormatInfo info, Boolean parseDecimal)
   在 System.Number.ParseInt32(String s, NumberStyles style, NumberFormatInfo info)
   在 System.Convert.ToInt32(String value)
   在 Asset.BLL.FileManager.SaveOrReplaceFile(String replaceFileId, Nullable`1 fileClass, Stream stream, String fileName, String userId, String& msg) 位置 E:\Work Projects\设备系统\SBGL\Applet\API_Server\Asset.BLL\FileManager.cs:行号 112
   在 Asset.Controllers.FileController.UploadFile(String replaceFileId, Nullable`1 fileClass) 位置 E:\Work Projects\设备系统\SBGL\Applet\API_Server\Asset\Controllers\FileController.cs:行号 45
异常：

 
异常时间：2024-03-06 18:54:20,261 [7] 
异常级别：ERROR 
异常位置：[7] (E:\Work Projects\设备系统\SBGL\Applet\API_Server\Asset\Controllers\FileController.cs:151) 
消息描述：System.ArgumentOutOfRangeException: 索引超出范围。必须为非负值并小于集合大小。
参数名: index
   在 System.ThrowHelper.ThrowArgumentOutOfRangeException(ExceptionArgument argument, ExceptionResource resource)
   在 Asset.DAL.FileDAL.GetFileInfo(Int32 fileId) 位置 E:\Work Projects\设备系统\SBGL\Applet\API_Server\Asset.DAL\FileDAL.cs:行号 21
   在 Asset.BLL.FileManager.GetFilePath(Int32 fileId, String& fileAliasName) 位置 E:\Work Projects\设备系统\SBGL\Applet\API_Server\Asset.BLL\FileManager.cs:行号 39
   在 Asset.BLL.FileManager.GetFilePreviewPath(Int32 fileId, String& fileAliasName, FilePreviewTypeEnum previewType) 位置 E:\Work Projects\设备系统\SBGL\Applet\API_Server\Asset.BLL\FileManager.cs:行号 61
   在 Asset.Controllers.FileController.DownloadPreview(Nullable`1 fileId, FilePreviewTypeEnum previewType) 位置 E:\Work Projects\设备系统\SBGL\Applet\API_Server\Asset\Controllers\FileController.cs:行号 151
异常：

 
异常时间：2024-03-06 18:54:20,298 [19] 
异常级别：ERROR 
异常位置：[19] (E:\Work Projects\设备系统\SBGL\Applet\API_Server\Asset\Controllers\FileController.cs:151) 
消息描述：System.ArgumentOutOfRangeException: 索引超出范围。必须为非负值并小于集合大小。
参数名: index
   在 System.ThrowHelper.ThrowArgumentOutOfRangeException(ExceptionArgument argument, ExceptionResource resource)
   在 Asset.DAL.FileDAL.GetFileInfo(Int32 fileId) 位置 E:\Work Projects\设备系统\SBGL\Applet\API_Server\Asset.DAL\FileDAL.cs:行号 21
   在 Asset.BLL.FileManager.GetFilePath(Int32 fileId, String& fileAliasName) 位置 E:\Work Projects\设备系统\SBGL\Applet\API_Server\Asset.BLL\FileManager.cs:行号 39
   在 Asset.BLL.FileManager.GetFilePreviewPath(Int32 fileId, String& fileAliasName, FilePreviewTypeEnum previewType) 位置 E:\Work Projects\设备系统\SBGL\Applet\API_Server\Asset.BLL\FileManager.cs:行号 61
   在 Asset.Controllers.FileController.DownloadPreview(Nullable`1 fileId, FilePreviewTypeEnum previewType) 位置 E:\Work Projects\设备系统\SBGL\Applet\API_Server\Asset\Controllers\FileController.cs:行号 151
异常：

 