п»ү
еә‚еёёж—¶й—өпәљ2024-03-08 11:35:49,768 [7] 
еә‚еёёзғ§е€«пәљERROR 
еә‚еёёдҢҚзҢ®пәљ[7] (E:\Work Projects\и®ңе¤‡зі»з»џ\SBGL\Applet\API_Server\Asset\Controllers\FileController.cs:151) 
ж¶€жЃҮжЏЏиү°пәљSystem.FormatException: иң“е…Өе­—з¬¦дёІзљ„ж әеәЏдёҚж­ӘзҰ®гЂ‚
   ењЁ System.Number.ParseDouble(String value, NumberStyles options, NumberFormatInfo numfmt)
   ењЁ sprв”–.бњЂ(XmlTextReader A_0, Boolean A_1)
   ењЁ sprв”–.бњ‚(XmlTextReader A_0)
   ењЁ sprв”–.бњЂ(XmlTextReader A_0, sprв–Қ A_1, Boolean A_2)
   ењЁ sprв”Ө.бњ—(XmlElement A_0, sprв•Ө A_1)
   ењЁ sprв”Ө.бњ›(XmlElement A_0, sprв•Ө A_1)
   ењЁ sprв”Ө.бњқ(XmlElement A_0, sprв•Ө A_1)
   ењЁ sprв”Ө.бњЂ(XmlElement A_0, sprв•Ө A_1, Int32 A_2, Boolean A_3)
   ењЁ sprв”Ө.бњЂ()
   ењЁ sprв”µ.бњЂ(sprв•§ A_0)
   ењЁ sprв”µ.бњЃ(sprв•§ A_0, String A_1, Boolean A_2)
   ењЁ sprв”µ.бњ„()
   ењЁ sprв”µ.бњљ()
   ењЁ sprв”ө.бњЂ(sprвЂ‰ A_0)
   ењЁ sprвЂ‰.бњЂ(Stream A_0, sprбң§ A_1, Boolean A_2)
   ењЁ sprвЂ‰.бњЂ(String A_0, sprбң§ A_1)
   ењЁ sprвЂ‰..ctor(String A_0, sprбң§ A_1)
   ењЁ Spire.Xls.Core.Spreadsheet.XlsWorkbook..ctor(Object A_0, String A_1, ExcelVersion A_2)
   ењЁ Spire.Xls.Workbook.LoadFromFile(String fileName, ExcelVersion version)
   ењЁ Asset.BLL.FileManager.ConvertExcelToImg(String excelFilePath, String imageFilePath, Int32 dpi)
   ењЁ Asset.BLL.FileManager.GetPreviewImgPath(String sourceFilePath, FilePreviewTypeEnum previewType)
   ењЁ Asset.BLL.FileManager.GetFilePreviewPath(Int32 fileId, String& fileAliasName, FilePreviewTypeEnum previewType)
   ењЁ Asset.Controllers.FileController.DownloadPreview(Nullable`1 fileId, FilePreviewTypeEnum previewType) дҢҚзҢ® E:\Work Projects\и®ңе¤‡зі»з»џ\SBGL\Applet\API_Server\Asset\Controllers\FileController.cs:иҰЊеЏ· 151
еә‚еёёпәљ

 
еә‚еёёж—¶й—өпәљ2024-03-08 11:35:50,808 [38] 
еә‚еёёзғ§е€«пәљERROR 
еә‚еёёдҢҚзҢ®пәљ[38] (E:\Work Projects\и®ңе¤‡зі»з»џ\SBGL\Applet\API_Server\Asset\Controllers\FileController.cs:151) 
ж¶€жЃҮжЏЏиү°пәљSystem.FormatException: иң“е…Өе­—з¬¦дёІзљ„ж әеәЏдёҚж­ӘзҰ®гЂ‚
   ењЁ System.Number.ParseDouble(String value, NumberStyles options, NumberFormatInfo numfmt)
   ењЁ sprв”–.бњЂ(XmlTextReader A_0, Boolean A_1)
   ењЁ sprв”–.бњ‚(XmlTextReader A_0)
   ењЁ sprв”–.бњЂ(XmlTextReader A_0, sprв–Қ A_1, Boolean A_2)
   ењЁ sprв”Ө.бњ—(XmlElement A_0, sprв•Ө A_1)
   ењЁ sprв”Ө.бњ›(XmlElement A_0, sprв•Ө A_1)
   ењЁ sprв”Ө.бњқ(XmlElement A_0, sprв•Ө A_1)
   ењЁ sprв”Ө.бњЂ(XmlElement A_0, sprв•Ө A_1, Int32 A_2, Boolean A_3)
   ењЁ sprв”Ө.бњЂ()
   ењЁ sprв”µ.бњЂ(sprв•§ A_0)
   ењЁ sprв”µ.бњЃ(sprв•§ A_0, String A_1, Boolean A_2)
   ењЁ sprв”µ.бњ„()
   ењЁ sprв”µ.бњљ()
   ењЁ sprв”ө.бњЂ(sprвЂ‰ A_0)
   ењЁ sprвЂ‰.бњЂ(Stream A_0, sprбң§ A_1, Boolean A_2)
   ењЁ sprвЂ‰.бњЂ(String A_0, sprбң§ A_1)
   ењЁ sprвЂ‰..ctor(String A_0, sprбң§ A_1)
   ењЁ Spire.Xls.Core.Spreadsheet.XlsWorkbook..ctor(Object A_0, String A_1, ExcelVersion A_2)
   ењЁ Spire.Xls.Workbook.LoadFromFile(String fileName, ExcelVersion version)
   ењЁ Asset.BLL.FileManager.ConvertExcelToImg(String excelFilePath, String imageFilePath, Int32 dpi)
   ењЁ Asset.BLL.FileManager.GetPreviewImgPath(String sourceFilePath, FilePreviewTypeEnum previewType)
   ењЁ Asset.BLL.FileManager.GetFilePreviewPath(Int32 fileId, String& fileAliasName, FilePreviewTypeEnum previewType)
   ењЁ Asset.Controllers.FileController.DownloadPreview(Nullable`1 fileId, FilePreviewTypeEnum previewType) дҢҚзҢ® E:\Work Projects\и®ңе¤‡зі»з»џ\SBGL\Applet\API_Server\Asset\Controllers\FileController.cs:иҰЊеЏ· 151
еә‚еёёпәљ

 
еә‚еёёж—¶й—өпәљ2024-03-08 11:43:31,244 [14] 
еә‚еёёзғ§е€«пәљERROR 
еә‚еёёдҢҚзҢ®пәљ[14] (E:\Work Projects\и®ңе¤‡зі»з»џ\SBGL\Applet\API_Server\Asset\Controllers\FileController.cs:151) 
ж¶€жЃҮжЏЏиү°пәљSystem.FormatException: иң“е…Өе­—з¬¦дёІзљ„ж әеәЏдёҚж­ӘзҰ®гЂ‚
   ењЁ System.Number.ParseDouble(String value, NumberStyles options, NumberFormatInfo numfmt)
   ењЁ sprв”–.бњЂ(XmlTextReader A_0, Boolean A_1)
   ењЁ sprв”–.бњ‚(XmlTextReader A_0)
   ењЁ sprв”–.бњЂ(XmlTextReader A_0, sprв–Қ A_1, Boolean A_2)
   ењЁ sprв”Ө.бњ—(XmlElement A_0, sprв•Ө A_1)
   ењЁ sprв”Ө.бњ›(XmlElement A_0, sprв•Ө A_1)
   ењЁ sprв”Ө.бњқ(XmlElement A_0, sprв•Ө A_1)
   ењЁ sprв”Ө.бњЂ(XmlElement A_0, sprв•Ө A_1, Int32 A_2, Boolean A_3)
   ењЁ sprв”Ө.бњЂ()
   ењЁ sprв”µ.бњЂ(sprв•§ A_0)
   ењЁ sprв”µ.бњЃ(sprв•§ A_0, String A_1, Boolean A_2)
   ењЁ sprв”µ.бњ„()
   ењЁ sprв”µ.бњљ()
   ењЁ sprв”ө.бњЂ(sprвЂ‰ A_0)
   ењЁ sprвЂ‰.бњЂ(Stream A_0, sprбң§ A_1, Boolean A_2)
   ењЁ sprвЂ‰.бњЂ(String A_0, sprбң§ A_1)
   ењЁ sprвЂ‰..ctor(String A_0, sprбң§ A_1)
   ењЁ Spire.Xls.Core.Spreadsheet.XlsWorkbook..ctor(Object A_0, String A_1, ExcelVersion A_2)
   ењЁ Spire.Xls.Workbook.LoadFromFile(String fileName, ExcelVersion version)
   ењЁ Asset.BLL.FileManager.ConvertExcelToImg(String excelFilePath, String imageFilePath, Int32 dpi)
   ењЁ Asset.BLL.FileManager.GetPreviewImgPath(String sourceFilePath, FilePreviewTypeEnum previewType)
   ењЁ Asset.BLL.FileManager.GetFilePreviewPath(Int32 fileId, String& fileAliasName, FilePreviewTypeEnum previewType)
   ењЁ Asset.Controllers.FileController.DownloadPreview(Nullable`1 fileId, FilePreviewTypeEnum previewType) дҢҚзҢ® E:\Work Projects\и®ңе¤‡зі»з»џ\SBGL\Applet\API_Server\Asset\Controllers\FileController.cs:иҰЊеЏ· 151
еә‚еёёпәљ

 
еә‚еёёж—¶й—өпәљ2024-03-08 11:44:02,858 [14] 
еә‚еёёзғ§е€«пәљERROR 
еә‚еёёдҢҚзҢ®пәљ[14] (E:\Work Projects\и®ңе¤‡зі»з»џ\SBGL\Applet\API_Server\Asset\Controllers\FileController.cs:151) 
ж¶€жЃҮжЏЏиү°пәљSystem.FormatException: иң“е…Өе­—з¬¦дёІзљ„ж әеәЏдёҚж­ӘзҰ®гЂ‚
   ењЁ System.Number.ParseDouble(String value, NumberStyles options, NumberFormatInfo numfmt)
   ењЁ sprв”–.бњЂ(XmlTextReader A_0, Boolean A_1)
   ењЁ sprв”–.бњ‚(XmlTextReader A_0)
   ењЁ sprв”–.бњЂ(XmlTextReader A_0, sprв–Қ A_1, Boolean A_2)
   ењЁ sprв”Ө.бњ—(XmlElement A_0, sprв•Ө A_1)
   ењЁ sprв”Ө.бњ›(XmlElement A_0, sprв•Ө A_1)
   ењЁ sprв”Ө.бњқ(XmlElement A_0, sprв•Ө A_1)
   ењЁ sprв”Ө.бњЂ(XmlElement A_0, sprв•Ө A_1, Int32 A_2, Boolean A_3)
   ењЁ sprв”Ө.бњЂ()
   ењЁ sprв”µ.бњЂ(sprв•§ A_0)
   ењЁ sprв”µ.бњЃ(sprв•§ A_0, String A_1, Boolean A_2)
   ењЁ sprв”µ.бњ„()
   ењЁ sprв”µ.бњљ()
   ењЁ sprв”ө.бњЂ(sprвЂ‰ A_0)
   ењЁ sprвЂ‰.бњЂ(Stream A_0, sprбң§ A_1, Boolean A_2)
   ењЁ sprвЂ‰.бњЂ(String A_0, sprбң§ A_1)
   ењЁ sprвЂ‰..ctor(String A_0, sprбң§ A_1)
   ењЁ Spire.Xls.Core.Spreadsheet.XlsWorkbook..ctor(Object A_0, String A_1, ExcelVersion A_2)
   ењЁ Spire.Xls.Workbook.LoadFromFile(String fileName, ExcelVersion version)
   ењЁ Asset.BLL.FileManager.ConvertExcelToImg(String excelFilePath, String imageFilePath, Int32 dpi)
   ењЁ Asset.BLL.FileManager.GetPreviewImgPath(String sourceFilePath, FilePreviewTypeEnum previewType)
   ењЁ Asset.BLL.FileManager.GetFilePreviewPath(Int32 fileId, String& fileAliasName, FilePreviewTypeEnum previewType)
   ењЁ Asset.Controllers.FileController.DownloadPreview(Nullable`1 fileId, FilePreviewTypeEnum previewType) дҢҚзҢ® E:\Work Projects\и®ңе¤‡зі»з»џ\SBGL\Applet\API_Server\Asset\Controllers\FileController.cs:иҰЊеЏ· 151
еә‚еёёпәљ

 
еә‚еёёж—¶й—өпәљ2024-03-08 11:44:26,912 [25] 
еә‚еёёзғ§е€«пәљERROR 
еә‚еёёдҢҚзҢ®пәљ[25] (E:\Work Projects\и®ңе¤‡зі»з»џ\SBGL\Applet\API_Server\Asset\Controllers\FileController.cs:151) 
ж¶€жЃҮжЏЏиү°пәљSystem.FormatException: иң“е…Өе­—з¬¦дёІзљ„ж әеәЏдёҚж­ӘзҰ®гЂ‚
   ењЁ System.Number.ParseDouble(String value, NumberStyles options, NumberFormatInfo numfmt)
   ењЁ sprв”–.бњЂ(XmlTextReader A_0, Boolean A_1)
   ењЁ sprв”–.бњ‚(XmlTextReader A_0)
   ењЁ sprв”–.бњЂ(XmlTextReader A_0, sprв–Қ A_1, Boolean A_2)
   ењЁ sprв”Ө.бњ—(XmlElement A_0, sprв•Ө A_1)
   ењЁ sprв”Ө.бњ›(XmlElement A_0, sprв•Ө A_1)
   ењЁ sprв”Ө.бњқ(XmlElement A_0, sprв•Ө A_1)
   ењЁ sprв”Ө.бњЂ(XmlElement A_0, sprв•Ө A_1, Int32 A_2, Boolean A_3)
   ењЁ sprв”Ө.бњЂ()
   ењЁ sprв”µ.бњЂ(sprв•§ A_0)
   ењЁ sprв”µ.бњЃ(sprв•§ A_0, String A_1, Boolean A_2)
   ењЁ sprв”µ.бњ„()
   ењЁ sprв”µ.бњљ()
   ењЁ sprв”ө.бњЂ(sprвЂ‰ A_0)
   ењЁ sprвЂ‰.бњЂ(Stream A_0, sprбң§ A_1, Boolean A_2)
   ењЁ sprвЂ‰.бњЂ(String A_0, sprбң§ A_1)
   ењЁ sprвЂ‰..ctor(String A_0, sprбң§ A_1)
   ењЁ Spire.Xls.Core.Spreadsheet.XlsWorkbook..ctor(Object A_0, String A_1, ExcelVersion A_2)
   ењЁ Spire.Xls.Workbook.LoadFromFile(String fileName, ExcelVersion version)
   ењЁ Asset.BLL.FileManager.ConvertExcelToImg(String excelFilePath, String imageFilePath, Int32 dpi)
   ењЁ Asset.BLL.FileManager.GetPreviewImgPath(String sourceFilePath, FilePreviewTypeEnum previewType)
   ењЁ Asset.BLL.FileManager.GetFilePreviewPath(Int32 fileId, String& fileAliasName, FilePreviewTypeEnum previewType)
   ењЁ Asset.Controllers.FileController.DownloadPreview(Nullable`1 fileId, FilePreviewTypeEnum previewType) дҢҚзҢ® E:\Work Projects\и®ңе¤‡зі»з»џ\SBGL\Applet\API_Server\Asset\Controllers\FileController.cs:иҰЊеЏ· 151
еә‚еёёпәљ

 
еә‚еёёж—¶й—өпәљ2024-03-08 11:46:35,851 [14] 
еә‚еёёзғ§е€«пәљERROR 
еә‚еёёдҢҚзҢ®пәљ[14] (E:\Work Projects\и®ңе¤‡зі»з»џ\SBGL\Applet\API_Server\Asset\Controllers\FileController.cs:151) 
ж¶€жЃҮжЏЏиү°пәљSystem.FormatException: иң“е…Өе­—з¬¦дёІзљ„ж әеәЏдёҚж­ӘзҰ®гЂ‚
   ењЁ System.Number.ParseDouble(String value, NumberStyles options, NumberFormatInfo numfmt)
   ењЁ sprв”–.бњЂ(XmlTextReader A_0, Boolean A_1)
   ењЁ sprв”–.бњ‚(XmlTextReader A_0)
   ењЁ sprв”–.бњЂ(XmlTextReader A_0, sprв–Қ A_1, Boolean A_2)
   ењЁ sprв”Ө.бњ—(XmlElement A_0, sprв•Ө A_1)
   ењЁ sprв”Ө.бњ›(XmlElement A_0, sprв•Ө A_1)
   ењЁ sprв”Ө.бњқ(XmlElement A_0, sprв•Ө A_1)
   ењЁ sprв”Ө.бњЂ(XmlElement A_0, sprв•Ө A_1, Int32 A_2, Boolean A_3)
   ењЁ sprв”Ө.бњЂ()
   ењЁ sprв”µ.бњЂ(sprв•§ A_0)
   ењЁ sprв”µ.бњЃ(sprв•§ A_0, String A_1, Boolean A_2)
   ењЁ sprв”µ.бњ„()
   ењЁ sprв”µ.бњљ()
   ењЁ sprв”ө.бњЂ(sprвЂ‰ A_0)
   ењЁ sprвЂ‰.бњЂ(Stream A_0, sprбң§ A_1, Boolean A_2)
   ењЁ sprвЂ‰.бњЂ(String A_0, sprбң§ A_1)
   ењЁ sprвЂ‰..ctor(String A_0, sprбң§ A_1)
   ењЁ Spire.Xls.Core.Spreadsheet.XlsWorkbook..ctor(Object A_0, String A_1, ExcelVersion A_2)
   ењЁ Spire.Xls.Workbook.LoadFromFile(String fileName, ExcelVersion version)
   ењЁ Asset.BLL.FileManager.ConvertExcelToImg(String excelFilePath, String imageFilePath, Int32 dpi)
   ењЁ Asset.BLL.FileManager.GetPreviewImgPath(String sourceFilePath, FilePreviewTypeEnum previewType)
   ењЁ Asset.BLL.FileManager.GetFilePreviewPath(Int32 fileId, String& fileAliasName, FilePreviewTypeEnum previewType)
   ењЁ Asset.Controllers.FileController.DownloadPreview(Nullable`1 fileId, FilePreviewTypeEnum previewType) дҢҚзҢ® E:\Work Projects\и®ңе¤‡зі»з»џ\SBGL\Applet\API_Server\Asset\Controllers\FileController.cs:иҰЊеЏ· 151
еә‚еёёпәљ

 