----------------------------------------------------------- 
记录时间：2023-06-12 10:47:32 线程名：[10] 级别：ERROR 类名：Common.Utils.DBUtil 
信息：
System.Data.SqlClient.SqlException (0x80131904): “DataValue”附近有语法错误。
   在 System.Data.SqlClient.SqlConnection.OnError(SqlException exception, Boolean breakConnection, Action`1 wrapCloseInAction)
   在 System.Data.SqlClient.TdsParser.ThrowExceptionAndWarning(TdsParserStateObject stateObj, Boolean callerHasConnectionLock, Boolean asyncClose)
   在 System.Data.SqlClient.TdsParser.TryRun(RunBehavior runBehavior, SqlCommand cmdHandler, SqlDataReader dataStream, BulkCopySimpleResultSet bulkCopyHandler, TdsParserStateObject stateObj, Boolean& dataReady)
   在 System.Data.SqlClient.SqlCommand.RunExecuteNonQueryTds(String methodName, Boolean async, Int32 timeout, Boolean asyncWrite)
   在 System.Data.SqlClient.SqlCommand.InternalExecuteNonQuery(TaskCompletionSource`1 completion, String methodName, Boolean sendToPipe, Int32 timeout, Boolean& usedCache, Boolean asyncWrite, Boolean inRetry)
   在 System.Data.SqlClient.SqlCommand.ExecuteNonQuery()
   在 Common.Utils.DBUtil.ExecSQL(String strSQL) 位置 d:\Work Projects\设备系统\SBGL\WinForm\Common\Utils\DBUtil.cs:行号 245
ClientConnectionId:16fa8648-5102-441f-915d-9b22a2416aa1
Error Number:102,State:1,Class:15

记录时间：2023-06-12 10:47:41 线程名：[10] 级别：ERROR 类名：CallSys.Utils.ExceptionHandle 
信息：捕获到未处理的异常
System.Data.SqlClient.SqlException (0x80131904): “DataValue”附近有语法错误。
   在 Common.Utils.DBUtil.ExecSQL(String strSQL) 位置 d:\Work Projects\设备系统\SBGL\WinForm\Common\Utils\DBUtil.cs:行号 256
   在 Machine.FrmTipDicData.btnSave_Click(Object sender, EventArgs e) 位置 d:\Work Projects\设备系统\SBGL\WinForm\Machine\FrmTipDicData.cs:行号 79
   在 System.Windows.Forms.Control.OnClick(EventArgs e)
   在 DevComponents.DotNetBar.ButtonX.OnClick(EventArgs e)
   在 DevComponents.DotNetBar.ButtonX.OnMouseUp(MouseEventArgs e)
   在 System.Windows.Forms.Control.WmMouseUp(Message& m, MouseButtons button, Int32 clicks)
   在 System.Windows.Forms.Control.WndProc(Message& m)
   在 DevComponents.DotNetBar.PopupItemControl.WndProc(Message& m)
   在 System.Windows.Forms.NativeWindow.Callback(IntPtr hWnd, Int32 msg, IntPtr wparam, IntPtr lparam)
ClientConnectionId:16fa8648-5102-441f-915d-9b22a2416aa1
Error Number:102,State:1,Class:15

记录时间：2023-06-12 10:51:32 线程名：[10] 级别：ERROR 类名：Common.Utils.DBUtil 
信息：
System.Data.SqlClient.SqlException (0x80131904): 不能将值 NULL 插入列 'Id'，表 'HJDB.dbo.S_SysDicDetial'；列不允许有 Null 值。INSERT 失败。
不能将值 NULL 插入列 'Id'，表 'HJDB.dbo.S_SysDicDetial'；列不允许有 Null 值。INSERT 失败。
语句已终止。
语句已终止。
   在 System.Data.SqlClient.SqlConnection.OnError(SqlException exception, Boolean breakConnection, Action`1 wrapCloseInAction)
   在 System.Data.SqlClient.TdsParser.ThrowExceptionAndWarning(TdsParserStateObject stateObj, Boolean callerHasConnectionLock, Boolean asyncClose)
   在 System.Data.SqlClient.TdsParser.TryRun(RunBehavior runBehavior, SqlCommand cmdHandler, SqlDataReader dataStream, BulkCopySimpleResultSet bulkCopyHandler, TdsParserStateObject stateObj, Boolean& dataReady)
   在 System.Data.SqlClient.SqlCommand.RunExecuteNonQueryTds(String methodName, Boolean async, Int32 timeout, Boolean asyncWrite)
   在 System.Data.SqlClient.SqlCommand.InternalExecuteNonQuery(TaskCompletionSource`1 completion, String methodName, Boolean sendToPipe, Int32 timeout, Boolean& usedCache, Boolean asyncWrite, Boolean inRetry)
   在 System.Data.SqlClient.SqlCommand.ExecuteNonQuery()
   在 Common.Utils.DBUtil.ExecSQL(String strSQL) 位置 d:\Work Projects\设备系统\SBGL\WinForm\Common\Utils\DBUtil.cs:行号 245
ClientConnectionId:16fa8648-5102-441f-915d-9b22a2416aa1
Error Number:515,State:2,Class:16

记录时间：2023-06-12 10:51:55 线程名：[10] 级别：ERROR 类名：CallSys.Utils.ExceptionHandle 
信息：捕获到未处理的异常
System.Data.SqlClient.SqlException (0x80131904): 不能将值 NULL 插入列 'Id'，表 'HJDB.dbo.S_SysDicDetial'；列不允许有 Null 值。INSERT 失败。
不能将值 NULL 插入列 'Id'，表 'HJDB.dbo.S_SysDicDetial'；列不允许有 Null 值。INSERT 失败。
语句已终止。
语句已终止。
   在 Common.Utils.DBUtil.ExecSQL(String strSQL) 位置 d:\Work Projects\设备系统\SBGL\WinForm\Common\Utils\DBUtil.cs:行号 256
   在 Machine.FrmTipDicData.btnSave_Click(Object sender, EventArgs e)
   在 System.Windows.Forms.Control.OnClick(EventArgs e)
   在 DevComponents.DotNetBar.ButtonX.OnClick(EventArgs e)
   在 DevComponents.DotNetBar.ButtonX.OnMouseUp(MouseEventArgs e)
   在 System.Windows.Forms.Control.WmMouseUp(Message& m, MouseButtons button, Int32 clicks)
   在 System.Windows.Forms.Control.WndProc(Message& m)
   在 DevComponents.DotNetBar.PopupItemControl.WndProc(Message& m)
   在 System.Windows.Forms.NativeWindow.Callback(IntPtr hWnd, Int32 msg, IntPtr wparam, IntPtr lparam)
ClientConnectionId:16fa8648-5102-441f-915d-9b22a2416aa1
Error Number:515,State:2,Class:16

记录时间：2023-06-12 10:54:50 线程名：[10] 级别：ERROR 类名：Common.Utils.DBUtil 
信息：
System.Data.SqlClient.SqlException (0x80131904): “DataValue”附近有语法错误。
   在 System.Data.SqlClient.SqlConnection.OnError(SqlException exception, Boolean breakConnection, Action`1 wrapCloseInAction)
   在 System.Data.SqlClient.TdsParser.ThrowExceptionAndWarning(TdsParserStateObject stateObj, Boolean callerHasConnectionLock, Boolean asyncClose)
   在 System.Data.SqlClient.TdsParser.TryRun(RunBehavior runBehavior, SqlCommand cmdHandler, SqlDataReader dataStream, BulkCopySimpleResultSet bulkCopyHandler, TdsParserStateObject stateObj, Boolean& dataReady)
   在 System.Data.SqlClient.SqlCommand.RunExecuteNonQueryTds(String methodName, Boolean async, Int32 timeout, Boolean asyncWrite)
   在 System.Data.SqlClient.SqlCommand.InternalExecuteNonQuery(TaskCompletionSource`1 completion, String methodName, Boolean sendToPipe, Int32 timeout, Boolean& usedCache, Boolean asyncWrite, Boolean inRetry)
   在 System.Data.SqlClient.SqlCommand.ExecuteNonQuery()
   在 Common.Utils.DBUtil.ExecSQL(String strSQL) 位置 d:\Work Projects\设备系统\SBGL\WinForm\Common\Utils\DBUtil.cs:行号 245
ClientConnectionId:16fa8648-5102-441f-915d-9b22a2416aa1
Error Number:102,State:1,Class:15

记录时间：2023-06-12 10:55:09 线程名：[10] 级别：ERROR 类名：CallSys.Utils.ExceptionHandle 
信息：捕获到未处理的异常
System.Data.SqlClient.SqlException (0x80131904): “DataValue”附近有语法错误。
   在 Common.Utils.DBUtil.ExecSQL(String strSQL) 位置 d:\Work Projects\设备系统\SBGL\WinForm\Common\Utils\DBUtil.cs:行号 256
   在 Machine.FrmTipDicData.btnSave_Click(Object sender, EventArgs e)
   在 System.Windows.Forms.Control.OnClick(EventArgs e)
   在 DevComponents.DotNetBar.ButtonX.OnClick(EventArgs e)
   在 DevComponents.DotNetBar.ButtonX.OnMouseUp(MouseEventArgs e)
   在 System.Windows.Forms.Control.WmMouseUp(Message& m, MouseButtons button, Int32 clicks)
   在 System.Windows.Forms.Control.WndProc(Message& m)
   在 DevComponents.DotNetBar.PopupItemControl.WndProc(Message& m)
   在 System.Windows.Forms.NativeWindow.Callback(IntPtr hWnd, Int32 msg, IntPtr wparam, IntPtr lparam)
ClientConnectionId:16fa8648-5102-441f-915d-9b22a2416aa1
Error Number:102,State:1,Class:15

记录时间：2023-06-12 10:55:39 线程名：[10] 级别：ERROR 类名：Common.Utils.DBUtil 
信息：
System.Data.SqlClient.SqlException (0x80131904): “DataValue”附近有语法错误。
   在 System.Data.SqlClient.SqlConnection.OnError(SqlException exception, Boolean breakConnection, Action`1 wrapCloseInAction)
   在 System.Data.SqlClient.TdsParser.ThrowExceptionAndWarning(TdsParserStateObject stateObj, Boolean callerHasConnectionLock, Boolean asyncClose)
   在 System.Data.SqlClient.TdsParser.TryRun(RunBehavior runBehavior, SqlCommand cmdHandler, SqlDataReader dataStream, BulkCopySimpleResultSet bulkCopyHandler, TdsParserStateObject stateObj, Boolean& dataReady)
   在 System.Data.SqlClient.SqlCommand.RunExecuteNonQueryTds(String methodName, Boolean async, Int32 timeout, Boolean asyncWrite)
   在 System.Data.SqlClient.SqlCommand.InternalExecuteNonQuery(TaskCompletionSource`1 completion, String methodName, Boolean sendToPipe, Int32 timeout, Boolean& usedCache, Boolean asyncWrite, Boolean inRetry)
   在 System.Data.SqlClient.SqlCommand.ExecuteNonQuery()
   在 Common.Utils.DBUtil.ExecSQL(String strSQL) 位置 d:\Work Projects\设备系统\SBGL\WinForm\Common\Utils\DBUtil.cs:行号 245
ClientConnectionId:16fa8648-5102-441f-915d-9b22a2416aa1
Error Number:102,State:1,Class:15

记录时间：2023-06-12 10:56:26 线程名：[10] 级别：ERROR 类名：CallSys.Utils.ExceptionHandle 
信息：捕获到未处理的异常
System.Data.SqlClient.SqlException (0x80131904): “DataValue”附近有语法错误。
   在 Common.Utils.DBUtil.ExecSQL(String strSQL) 位置 d:\Work Projects\设备系统\SBGL\WinForm\Common\Utils\DBUtil.cs:行号 256
   在 Machine.FrmTipDicData.btnSave_Click(Object sender, EventArgs e)
   在 System.Windows.Forms.Control.OnClick(EventArgs e)
   在 DevComponents.DotNetBar.ButtonX.OnClick(EventArgs e)
   在 DevComponents.DotNetBar.ButtonX.OnMouseUp(MouseEventArgs e)
   在 System.Windows.Forms.Control.WmMouseUp(Message& m, MouseButtons button, Int32 clicks)
   在 System.Windows.Forms.Control.WndProc(Message& m)
   在 DevComponents.DotNetBar.PopupItemControl.WndProc(Message& m)
   在 System.Windows.Forms.NativeWindow.Callback(IntPtr hWnd, Int32 msg, IntPtr wparam, IntPtr lparam)
ClientConnectionId:16fa8648-5102-441f-915d-9b22a2416aa1
Error Number:102,State:1,Class:15
----------------------------------------------------------- 
记录时间：2023-06-12 12:12:59 线程名：[9] 级别：ERROR 类名：CallSys.Utils.ExceptionHandle 
信息：捕获到未处理的异常
System.ArgumentNullException: 值不能为 null。
参数名: item
   在 System.Windows.Forms.ComboBox.ObjectCollection.AddInternal(Object item)
   在 System.Windows.Forms.ComboBox.ObjectCollection.AddRangeInternal(IList items)
   在 System.Windows.Forms.ComboBox.ObjectCollection.AddRange(Object[] items)
   在 Machine.FrmBaseMachine.FrmBaseMachine_Load(Object sender, EventArgs e)
   在 System.Windows.Forms.Form.OnLoad(EventArgs e)
   在 System.Windows.Forms.Form.OnCreateControl()
   在 System.Windows.Forms.Control.CreateControl(Boolean fIgnoreVisible)
   在 System.Windows.Forms.Control.CreateControl()
   在 System.Windows.Forms.Control.SetVisibleCore(Boolean value)
   在 System.Windows.Forms.Form.SetVisibleCore(Boolean value)
   在 System.Windows.Forms.Control.Show()
   在 CallSys.FrmBaseInfo.tabItemMachine_Click(Object sender, EventArgs e) 位置 d:\Work Projects\设备系统\SBGL\WinForm\CallSys\FrmBaseInfo.cs:行号 109
   在 DevComponents.DotNetBar.BaseItem.RaiseClick(eEventSource source)
   在 DevComponents.DotNetBar.BaseItem.InternalMouseUp(MouseEventArgs objArg)
   在 DevComponents.DotNetBar.SuperTabItem.InternalMouseUp(MouseEventArgs objArg)
   在 DevComponents.DotNetBar.BaseItem.InternalMouseUp(MouseEventArgs objArg)
   在 DevComponents.DotNetBar.SuperTabStripItem.InternalMouseUp(MouseEventArgs objArg)
   在 DevComponents.DotNetBar.ItemControl.OnMouseUp(MouseEventArgs e)
   在 System.Windows.Forms.Control.WmMouseUp(Message& m, MouseButtons button, Int32 clicks)
   在 System.Windows.Forms.Control.WndProc(Message& m)
   在 DevComponents.DotNetBar.ItemControl.WndProc(Message& m)
   在 System.Windows.Forms.NativeWindow.Callback(IntPtr hWnd, Int32 msg, IntPtr wparam, IntPtr lparam)
----------------------------------------------------------- 
记录时间：2023-06-12 14:48:23 线程名：[10] 级别：ERROR 类名：Common.Utils.DBUtil 
信息：
System.Data.SqlClient.SqlException (0x80131904): 在将 nvarchar 值 'B02-02-CD-30PQCL-' 转换成数据类型 int 时失败。
   在 System.Data.SqlClient.SqlConnection.OnError(SqlException exception, Boolean breakConnection, Action`1 wrapCloseInAction)
   在 System.Data.SqlClient.TdsParser.ThrowExceptionAndWarning(TdsParserStateObject stateObj, Boolean callerHasConnectionLock, Boolean asyncClose)
   在 System.Data.SqlClient.TdsParser.TryRun(RunBehavior runBehavior, SqlCommand cmdHandler, SqlDataReader dataStream, BulkCopySimpleResultSet bulkCopyHandler, TdsParserStateObject stateObj, Boolean& dataReady)
   在 System.Data.SqlClient.SqlDataReader.TryHasMoreRows(Boolean& moreRows)
   在 System.Data.SqlClient.SqlDataReader.TryReadInternal(Boolean setTimeout, Boolean& more)
   在 System.Data.SqlClient.SqlDataReader.Read()
   在 System.Data.Common.DataAdapter.FillLoadDataRow(SchemaMapping mapping)
   在 System.Data.Common.DataAdapter.FillFromReader(DataSet dataset, DataTable datatable, String srcTable, DataReaderContainer dataReader, Int32 startRecord, Int32 maxRecords, DataColumn parentChapterColumn, Object parentChapterValue)
   在 System.Data.Common.DataAdapter.Fill(DataTable[] dataTables, IDataReader dataReader, Int32 startRecord, Int32 maxRecords)
   在 System.Data.Common.DbDataAdapter.FillInternal(DataSet dataset, DataTable[] datatables, Int32 startRecord, Int32 maxRecords, String srcTable, IDbCommand command, CommandBehavior behavior)
   在 System.Data.Common.DbDataAdapter.Fill(DataTable[] dataTables, Int32 startRecord, Int32 maxRecords, IDbCommand command, CommandBehavior behavior)
   在 System.Data.Common.DbDataAdapter.Fill(DataTable dataTable)
   在 Common.Utils.DBUtil.GetDataTable(String strSQL) 位置 d:\Work Projects\设备系统\SBGL\WinForm\Common\Utils\DBUtil.cs:行号 162
ClientConnectionId:a1115323-898c-4234-8f84-ad96e51ddb02
Error Number:245,State:1,Class:16

记录时间：2023-06-12 14:48:26 线程名：[10] 级别：ERROR 类名：CallSys.Utils.ExceptionHandle 
信息：捕获到未处理的异常
System.Data.SqlClient.SqlException (0x80131904): 在将 nvarchar 值 'B02-02-CD-30PQCL-' 转换成数据类型 int 时失败。
   在 Common.Utils.DBUtil.GetDataTable(String strSQL) 位置 d:\Work Projects\设备系统\SBGL\WinForm\Common\Utils\DBUtil.cs:行号 174
   在 Machine.FrmBaseMachine.sgridMachine_SelectionChanged(Object sender, GridEventArgs e) 位置 d:\Work Projects\设备系统\SBGL\WinForm\Machine\FrmBaseMachine.cs:行号 508
   在 DevComponents.DotNetBar.SuperGrid.SuperGridControl.DoSelectionChangedEvent(GridPanel gridPanel)
   在 DevComponents.DotNetBar.SuperGrid.GridPanel.OnSelectionChanged()
   在 DevComponents.DotNetBar.SuperGrid.GridPanel.FlushSelected()
   在 DevComponents.DotNetBar.SuperGrid.GridPanel.RenderOverride(GridRenderInfo renderInfo)
   在 DevComponents.DotNetBar.SuperGrid.GridElement.Render(GridRenderInfo renderInfo)
   在 DevComponents.DotNetBar.SuperGrid.SuperGridControl.PaintControl(GridRenderInfo renderInfo)
   在 DevComponents.DotNetBar.SuperGrid.SuperGridControl.OnPaint(PaintEventArgs e)
   在 System.Windows.Forms.Control.PaintWithErrorHandling(PaintEventArgs e, Int16 layer)
   在 System.Windows.Forms.Control.WmPaint(Message& m)
   在 System.Windows.Forms.Control.WndProc(Message& m)
   在 DevComponents.DotNetBar.SuperGrid.SuperGridControl.WndProc(Message& m)
   在 System.Windows.Forms.NativeWindow.Callback(IntPtr hWnd, Int32 msg, IntPtr wparam, IntPtr lparam)
ClientConnectionId:a1115323-898c-4234-8f84-ad96e51ddb02
Error Number:245,State:1,Class:16

记录时间：2023-06-12 14:48:34 线程名：[10] 级别：ERROR 类名：Common.Utils.DBUtil 
信息：
System.Data.SqlClient.SqlException (0x80131904): 在将 varchar 值 'B02-02-CD-30PQCL-' 转换成数据类型 int 时失败。
   在 System.Data.SqlClient.SqlConnection.OnError(SqlException exception, Boolean breakConnection, Action`1 wrapCloseInAction)
   在 System.Data.SqlClient.TdsParser.ThrowExceptionAndWarning(TdsParserStateObject stateObj, Boolean callerHasConnectionLock, Boolean asyncClose)
   在 System.Data.SqlClient.TdsParser.TryRun(RunBehavior runBehavior, SqlCommand cmdHandler, SqlDataReader dataStream, BulkCopySimpleResultSet bulkCopyHandler, TdsParserStateObject stateObj, Boolean& dataReady)
   在 System.Data.SqlClient.SqlDataReader.TryHasMoreRows(Boolean& moreRows)
   在 System.Data.SqlClient.SqlDataReader.TryReadInternal(Boolean setTimeout, Boolean& more)
   在 System.Data.SqlClient.SqlDataReader.Read()
   在 System.Data.Common.DataAdapter.FillLoadDataRow(SchemaMapping mapping)
   在 System.Data.Common.DataAdapter.FillFromReader(DataSet dataset, DataTable datatable, String srcTable, DataReaderContainer dataReader, Int32 startRecord, Int32 maxRecords, DataColumn parentChapterColumn, Object parentChapterValue)
   在 System.Data.Common.DataAdapter.Fill(DataTable[] dataTables, IDataReader dataReader, Int32 startRecord, Int32 maxRecords)
   在 System.Data.Common.DbDataAdapter.FillInternal(DataSet dataset, DataTable[] datatables, Int32 startRecord, Int32 maxRecords, String srcTable, IDbCommand command, CommandBehavior behavior)
   在 System.Data.Common.DbDataAdapter.Fill(DataTable[] dataTables, Int32 startRecord, Int32 maxRecords, IDbCommand command, CommandBehavior behavior)
   在 System.Data.Common.DbDataAdapter.Fill(DataTable dataTable)
   在 Common.Utils.DBUtil.GetDataTable(String strSQL) 位置 d:\Work Projects\设备系统\SBGL\WinForm\Common\Utils\DBUtil.cs:行号 162
ClientConnectionId:a1115323-898c-4234-8f84-ad96e51ddb02
Error Number:245,State:1,Class:16

记录时间：2023-06-12 14:48:36 线程名：[10] 级别：ERROR 类名：CallSys.Utils.ExceptionHandle 
信息：捕获到未处理的异常
System.Data.SqlClient.SqlException (0x80131904): 在将 varchar 值 'B02-02-CD-30PQCL-' 转换成数据类型 int 时失败。
   在 Common.Utils.DBUtil.GetDataTable(String strSQL) 位置 d:\Work Projects\设备系统\SBGL\WinForm\Common\Utils\DBUtil.cs:行号 174
   在 Machine.FrmBaseMachine.RefreshGridData() 位置 d:\Work Projects\设备系统\SBGL\WinForm\Machine\FrmBaseMachine.cs:行号 408
   在 Machine.FrmBaseMachine.tsmiRefresh_Click(Object sender, EventArgs e) 位置 d:\Work Projects\设备系统\SBGL\WinForm\Machine\FrmBaseMachine.cs:行号 79
   在 System.Windows.Forms.ToolStripItem.RaiseEvent(Object key, EventArgs e)
   在 System.Windows.Forms.ToolStripMenuItem.OnClick(EventArgs e)
   在 System.Windows.Forms.ToolStripItem.HandleClick(EventArgs e)
   在 System.Windows.Forms.ToolStripItem.HandleMouseUp(MouseEventArgs e)
   在 System.Windows.Forms.ToolStrip.OnMouseUp(MouseEventArgs mea)
   在 System.Windows.Forms.Control.WmMouseUp(Message& m, MouseButtons button, Int32 clicks)
   在 System.Windows.Forms.Control.WndProc(Message& m)
   在 System.Windows.Forms.ToolStrip.WndProc(Message& m)
   在 System.Windows.Forms.MenuStrip.WndProc(Message& m)
   在 System.Windows.Forms.NativeWindow.Callback(IntPtr hWnd, Int32 msg, IntPtr wparam, IntPtr lparam)
ClientConnectionId:a1115323-898c-4234-8f84-ad96e51ddb02
Error Number:245,State:1,Class:16
