----------------------------------------------------------- 
记录时间：2023-09-20 15:00:16 线程名：[9] 级别：ERROR 类名：Call.FrmKanBan 
信息：看板数据刷新异常
System.FormatException: 索引(从零开始)必须大于或等于零，且小于参数列表的大小。
   在 System.Text.StringBuilder.AppendFormatHelper(IFormatProvider provider, String format, ParamsArray args)
   在 System.String.FormatHelper(IFormatProvider provider, String format, ParamsArray args)
   在 System.String.Format(String format, Object[] args)
   在 Call.FrmKanBan.RefreshMonthRisingChart() 位置 d:\Work Projects\设备系统\SBGL\Client\Call\FrmKanBan.cs:行号 414
   在 Call.FrmKanBan.timerRefreshData_Tick(Object sender, EventArgs e) 位置 d:\Work Projects\设备系统\SBGL\Client\Call\FrmKanBan.cs:行号 170

记录时间：2023-09-20 15:00:26 线程名：[9] 级别：ERROR 类名：Call.FrmKanBan 
信息：看板数据刷新异常
System.FormatException: 索引(从零开始)必须大于或等于零，且小于参数列表的大小。
   在 System.Text.StringBuilder.AppendFormatHelper(IFormatProvider provider, String format, ParamsArray args)
   在 System.String.FormatHelper(IFormatProvider provider, String format, ParamsArray args)
   在 System.String.Format(String format, Object[] args)
   在 Call.FrmKanBan.RefreshMonthRisingChart() 位置 d:\Work Projects\设备系统\SBGL\Client\Call\FrmKanBan.cs:行号 414
   在 Call.FrmKanBan.timerRefreshData_Tick(Object sender, EventArgs e) 位置 d:\Work Projects\设备系统\SBGL\Client\Call\FrmKanBan.cs:行号 170
----------------------------------------------------------- 
记录时间：2023-09-20 15:04:35 线程名：[10] 级别：ERROR 类名：Call.FrmKanBan 
信息：看板数据刷新异常
System.FormatException: 索引(从零开始)必须大于或等于零，且小于参数列表的大小。
   在 System.Text.StringBuilder.AppendFormatHelper(IFormatProvider provider, String format, ParamsArray args)
   在 System.String.FormatHelper(IFormatProvider provider, String format, ParamsArray args)
   在 System.String.Format(String format, Object[] args)
   在 Call.FrmKanBan.RefreshMonthRisingChart() 位置 d:\Work Projects\设备系统\SBGL\Client\Call\FrmKanBan.cs:行号 414
   在 Call.FrmKanBan.timerRefreshData_Tick(Object sender, EventArgs e) 位置 d:\Work Projects\设备系统\SBGL\Client\Call\FrmKanBan.cs:行号 170
----------------------------------------------------------- 
记录时间：2023-09-20 16:05:11 线程名：[8] 级别：ERROR 类名：Common.Utils.DBUtil 
信息：sql操行错误
System.Data.SqlClient.SqlException (0x80131904): 无法绑定由多个部分组成的标识符 "e.Area"。
无法绑定由多个部分组成的标识符 "e.Area"。
   在 System.Data.SqlClient.SqlConnection.OnError(SqlException exception, Boolean breakConnection, Action`1 wrapCloseInAction)
   在 System.Data.SqlClient.TdsParser.ThrowExceptionAndWarning(TdsParserStateObject stateObj, Boolean callerHasConnectionLock, Boolean asyncClose)
   在 System.Data.SqlClient.TdsParser.TryRun(RunBehavior runBehavior, SqlCommand cmdHandler, SqlDataReader dataStream, BulkCopySimpleResultSet bulkCopyHandler, TdsParserStateObject stateObj, Boolean& dataReady)
   在 System.Data.SqlClient.SqlDataReader.TryConsumeMetaData()
   在 System.Data.SqlClient.SqlDataReader.get_MetaData()
   在 System.Data.SqlClient.SqlCommand.FinishExecuteReader(SqlDataReader ds, RunBehavior runBehavior, String resetOptionsString, Boolean isInternal, Boolean forDescribeParameterEncryption, Boolean shouldCacheForAlwaysEncrypted)
   在 System.Data.SqlClient.SqlCommand.RunExecuteReaderTds(CommandBehavior cmdBehavior, RunBehavior runBehavior, Boolean returnStream, Boolean async, Int32 timeout, Task& task, Boolean asyncWrite, Boolean inRetry, SqlDataReader ds, Boolean describeParameterEncryptionRequest)
   在 System.Data.SqlClient.SqlCommand.RunExecuteReader(CommandBehavior cmdBehavior, RunBehavior runBehavior, Boolean returnStream, String method, TaskCompletionSource`1 completion, Int32 timeout, Task& task, Boolean& usedCache, Boolean asyncWrite, Boolean inRetry)
   在 System.Data.SqlClient.SqlCommand.RunExecuteReader(CommandBehavior cmdBehavior, RunBehavior runBehavior, Boolean returnStream, String method)
   在 System.Data.SqlClient.SqlCommand.ExecuteReader(CommandBehavior behavior, String method)
   在 System.Data.Common.DbDataAdapter.FillInternal(DataSet dataset, DataTable[] datatables, Int32 startRecord, Int32 maxRecords, String srcTable, IDbCommand command, CommandBehavior behavior)
   在 System.Data.Common.DbDataAdapter.Fill(DataTable[] dataTables, Int32 startRecord, Int32 maxRecords, IDbCommand command, CommandBehavior behavior)
   在 System.Data.Common.DbDataAdapter.Fill(DataTable dataTable)
   在 Common.Utils.DBUtil.GetDataTable(String strSQL) 位置 d:\Work Projects\设备系统\SBGL\Client\Common\Utils\DBUtil.cs:行号 162
ClientConnectionId:360274ca-a51b-4464-93d6-618d0e72997e
Error Number:4104,State:1,Class:16

记录时间：2023-09-20 16:05:11 线程名：[8] 级别：ERROR 类名：Call.FrmKanBan 
信息：看板数据刷新异常
System.Data.SqlClient.SqlException (0x80131904): 无法绑定由多个部分组成的标识符 "e.Area"。
无法绑定由多个部分组成的标识符 "e.Area"。
   在 Common.Utils.DBUtil.GetDataTable(String strSQL) 位置 d:\Work Projects\设备系统\SBGL\Client\Common\Utils\DBUtil.cs:行号 174
   在 Call.FrmKanBan.RefreshWeekRisingChart() 位置 d:\Work Projects\设备系统\SBGL\Client\Call\FrmKanBan.cs:行号 218
   在 Call.FrmKanBan.timerRefreshData_Tick(Object sender, EventArgs e) 位置 d:\Work Projects\设备系统\SBGL\Client\Call\FrmKanBan.cs:行号 165
ClientConnectionId:360274ca-a51b-4464-93d6-618d0e72997e
Error Number:4104,State:1,Class:16

记录时间：2023-09-20 16:05:22 线程名：[8] 级别：ERROR 类名：Common.Utils.DBUtil 
信息：sql操行错误
System.Data.SqlClient.SqlException (0x80131904): 无法绑定由多个部分组成的标识符 "e.Area"。
无法绑定由多个部分组成的标识符 "e.Area"。
   在 System.Data.SqlClient.SqlConnection.OnError(SqlException exception, Boolean breakConnection, Action`1 wrapCloseInAction)
   在 System.Data.SqlClient.TdsParser.ThrowExceptionAndWarning(TdsParserStateObject stateObj, Boolean callerHasConnectionLock, Boolean asyncClose)
   在 System.Data.SqlClient.TdsParser.TryRun(RunBehavior runBehavior, SqlCommand cmdHandler, SqlDataReader dataStream, BulkCopySimpleResultSet bulkCopyHandler, TdsParserStateObject stateObj, Boolean& dataReady)
   在 System.Data.SqlClient.SqlDataReader.TryConsumeMetaData()
   在 System.Data.SqlClient.SqlDataReader.get_MetaData()
   在 System.Data.SqlClient.SqlCommand.FinishExecuteReader(SqlDataReader ds, RunBehavior runBehavior, String resetOptionsString, Boolean isInternal, Boolean forDescribeParameterEncryption, Boolean shouldCacheForAlwaysEncrypted)
   在 System.Data.SqlClient.SqlCommand.RunExecuteReaderTds(CommandBehavior cmdBehavior, RunBehavior runBehavior, Boolean returnStream, Boolean async, Int32 timeout, Task& task, Boolean asyncWrite, Boolean inRetry, SqlDataReader ds, Boolean describeParameterEncryptionRequest)
   在 System.Data.SqlClient.SqlCommand.RunExecuteReader(CommandBehavior cmdBehavior, RunBehavior runBehavior, Boolean returnStream, String method, TaskCompletionSource`1 completion, Int32 timeout, Task& task, Boolean& usedCache, Boolean asyncWrite, Boolean inRetry)
   在 System.Data.SqlClient.SqlCommand.RunExecuteReader(CommandBehavior cmdBehavior, RunBehavior runBehavior, Boolean returnStream, String method)
   在 System.Data.SqlClient.SqlCommand.ExecuteReader(CommandBehavior behavior, String method)
   在 System.Data.Common.DbDataAdapter.FillInternal(DataSet dataset, DataTable[] datatables, Int32 startRecord, Int32 maxRecords, String srcTable, IDbCommand command, CommandBehavior behavior)
   在 System.Data.Common.DbDataAdapter.Fill(DataTable[] dataTables, Int32 startRecord, Int32 maxRecords, IDbCommand command, CommandBehavior behavior)
   在 System.Data.Common.DbDataAdapter.Fill(DataTable dataTable)
   在 Common.Utils.DBUtil.GetDataTable(String strSQL) 位置 d:\Work Projects\设备系统\SBGL\Client\Common\Utils\DBUtil.cs:行号 162
ClientConnectionId:360274ca-a51b-4464-93d6-618d0e72997e
Error Number:4104,State:1,Class:16

记录时间：2023-09-20 16:05:22 线程名：[8] 级别：ERROR 类名：Call.FrmKanBan 
信息：看板数据刷新异常
System.Data.SqlClient.SqlException (0x80131904): 无法绑定由多个部分组成的标识符 "e.Area"。
无法绑定由多个部分组成的标识符 "e.Area"。
   在 Common.Utils.DBUtil.GetDataTable(String strSQL) 位置 d:\Work Projects\设备系统\SBGL\Client\Common\Utils\DBUtil.cs:行号 174
   在 Call.FrmKanBan.RefreshWeekRisingChart() 位置 d:\Work Projects\设备系统\SBGL\Client\Call\FrmKanBan.cs:行号 218
   在 Call.FrmKanBan.timerRefreshData_Tick(Object sender, EventArgs e) 位置 d:\Work Projects\设备系统\SBGL\Client\Call\FrmKanBan.cs:行号 165
ClientConnectionId:360274ca-a51b-4464-93d6-618d0e72997e
Error Number:4104,State:1,Class:16

记录时间：2023-09-20 16:05:32 线程名：[8] 级别：ERROR 类名：Common.Utils.DBUtil 
信息：sql操行错误
System.Data.SqlClient.SqlException (0x80131904): 无法绑定由多个部分组成的标识符 "e.Area"。
无法绑定由多个部分组成的标识符 "e.Area"。
   在 System.Data.SqlClient.SqlConnection.OnError(SqlException exception, Boolean breakConnection, Action`1 wrapCloseInAction)
   在 System.Data.SqlClient.TdsParser.ThrowExceptionAndWarning(TdsParserStateObject stateObj, Boolean callerHasConnectionLock, Boolean asyncClose)
   在 System.Data.SqlClient.TdsParser.TryRun(RunBehavior runBehavior, SqlCommand cmdHandler, SqlDataReader dataStream, BulkCopySimpleResultSet bulkCopyHandler, TdsParserStateObject stateObj, Boolean& dataReady)
   在 System.Data.SqlClient.SqlDataReader.TryConsumeMetaData()
   在 System.Data.SqlClient.SqlDataReader.get_MetaData()
   在 System.Data.SqlClient.SqlCommand.FinishExecuteReader(SqlDataReader ds, RunBehavior runBehavior, String resetOptionsString, Boolean isInternal, Boolean forDescribeParameterEncryption, Boolean shouldCacheForAlwaysEncrypted)
   在 System.Data.SqlClient.SqlCommand.RunExecuteReaderTds(CommandBehavior cmdBehavior, RunBehavior runBehavior, Boolean returnStream, Boolean async, Int32 timeout, Task& task, Boolean asyncWrite, Boolean inRetry, SqlDataReader ds, Boolean describeParameterEncryptionRequest)
   在 System.Data.SqlClient.SqlCommand.RunExecuteReader(CommandBehavior cmdBehavior, RunBehavior runBehavior, Boolean returnStream, String method, TaskCompletionSource`1 completion, Int32 timeout, Task& task, Boolean& usedCache, Boolean asyncWrite, Boolean inRetry)
   在 System.Data.SqlClient.SqlCommand.RunExecuteReader(CommandBehavior cmdBehavior, RunBehavior runBehavior, Boolean returnStream, String method)
   在 System.Data.SqlClient.SqlCommand.ExecuteReader(CommandBehavior behavior, String method)
   在 System.Data.Common.DbDataAdapter.FillInternal(DataSet dataset, DataTable[] datatables, Int32 startRecord, Int32 maxRecords, String srcTable, IDbCommand command, CommandBehavior behavior)
   在 System.Data.Common.DbDataAdapter.Fill(DataTable[] dataTables, Int32 startRecord, Int32 maxRecords, IDbCommand command, CommandBehavior behavior)
   在 System.Data.Common.DbDataAdapter.Fill(DataTable dataTable)
   在 Common.Utils.DBUtil.GetDataTable(String strSQL) 位置 d:\Work Projects\设备系统\SBGL\Client\Common\Utils\DBUtil.cs:行号 162
ClientConnectionId:360274ca-a51b-4464-93d6-618d0e72997e
Error Number:4104,State:1,Class:16
