----------------------------------------------------------- 
记录时间：2023-07-21 10:30:41 线程名：[10] 级别：ERROR 类名：Common.Utils.DBUtil 
信息：sql操行错误
System.Data.SqlClient.SqlException (0x80131904): 列名 'IsDisplay' 无效。
   在 System.Data.SqlClient.SqlConnection.OnError(SqlException exception, Boolean breakConnection, Action`1 wrapCloseInAction)
   在 System.Data.SqlClient.TdsParser.ThrowExceptionAndWarning(TdsParserStateObject stateObj, Boolean callerHasConnectionLock, Boolean asyncClose)
   在 System.Data.SqlClient.TdsParser.TryRun(RunBehavior runBehavior, SqlCommand cmdHandler, SqlDataReader dataStream, BulkCopySimpleResultSet bulkCopyHandler, TdsParserStateObject stateObj, Boolean& dataReady)
   在 System.Data.SqlClient.SqlDataReader.TryConsumeMetaData()
   在 System.Data.SqlClient.SqlDataReader.get_MetaData()
   在 System.Data.SqlClient.SqlCommand.FinishExecuteReader(SqlDataReader ds, RunBehavior runBehavior, String resetOptionsString, Boolean isInternal, Boolean forDescribeParameterEncryption, Boolean shouldCacheForAlwaysEncrypted)
   在 System.Data.SqlClient.SqlCommand.RunExecuteReaderTds(CommandBehavior cmdBehavior, RunBehavior runBehavior, Boolean returnStream, Boolean async, Int32 timeout, Task& task, Boolean asyncWrite, Boolean inRetry, SqlDataReader ds, Boolean describeParameterEncryptionRequest)
   在 System.Data.SqlClient.SqlCommand.RunExecuteReader(CommandBehavior cmdBehavior, RunBehavior runBehavior, Boolean returnStream, String method, TaskCompletionSource`1 completion, Int32 timeout, Task& task, Boolean& usedCache, Boolean asyncWrite, Boolean inRetry)
   在 System.Data.SqlClient.SqlCommand.RunExecuteReader(CommandBehavior cmdBehavior, RunBehavior runBehavior, Boolean returnStream, String method)
   在 System.Data.SqlClient.SqlCommand.ExecuteReader(CommandBehavior behavior, String method)
   在 System.Data.Common.DbDataAdapter.FillInternal(DataSet dataset, DataTable[] datatables, Int32 startRecord, Int32 maxRecords, String srcTable, IDbCommand command, CommandBehavior behavior)
   在 System.Data.Common.DbDataAdapter.Fill(DataTable[] dataTables, Int32 startRecord, Int32 maxRecords, IDbCommand command, CommandBehavior behavior)
   在 System.Data.Common.DbDataAdapter.Fill(DataTable dataTable)
   在 Common.Utils.DBUtil.GetDataTable(String strSQL) 位置 d:\Work Projects\设备系统\SBGL\Client\Common\Utils\DBUtil.cs:行号 162
ClientConnectionId:3d6bea50-e162-4ab4-82c2-4a6e8edc20a6
Error Number:207,State:1,Class:16
----------------------------------------------------------- 
记录时间：2023-07-21 11:21:48 线程名：[9] 级别：ERROR 类名：Common.Utils.DBUtil 
信息：
System.Data.SqlClient.SqlException (0x80131904): 不能将值 NULL 插入列 'MachineCode'，表 'HJDB.dbo.M_Machine_T'；列不允许有 Null 值。INSERT 失败。
语句已终止。
   在 System.Data.SqlClient.SqlConnection.OnError(SqlException exception, Boolean breakConnection, Action`1 wrapCloseInAction)
   在 System.Data.SqlClient.TdsParser.ThrowExceptionAndWarning(TdsParserStateObject stateObj, Boolean callerHasConnectionLock, Boolean asyncClose)
   在 System.Data.SqlClient.TdsParser.TryRun(RunBehavior runBehavior, SqlCommand cmdHandler, SqlDataReader dataStream, BulkCopySimpleResultSet bulkCopyHandler, TdsParserStateObject stateObj, Boolean& dataReady)
   在 System.Data.SqlClient.SqlCommand.RunExecuteNonQueryTds(String methodName, Boolean async, Int32 timeout, Boolean asyncWrite)
   在 System.Data.SqlClient.SqlCommand.InternalExecuteNonQuery(TaskCompletionSource`1 completion, String methodName, Boolean sendToPipe, Int32 timeout, Boolean& usedCache, Boolean asyncWrite, Boolean inRetry)
   在 System.Data.SqlClient.SqlCommand.ExecuteNonQuery()
   在 Common.Utils.DBUtil.ExecSQL(String strSQL) 位置 d:\Work Projects\设备系统\SBGL\Client\Common\Utils\DBUtil.cs:行号 245
ClientConnectionId:d2530a66-3b31-42ca-ae06-66c1cea92020
Error Number:515,State:2,Class:16

记录时间：2023-07-21 11:43:16 线程名：[9] 级别：ERROR 类名：LuxMMS.Utils.ExceptionHandle 
信息：捕获到未处理的异常
System.Data.SqlClient.SqlException (0x80131904): 不能将值 NULL 插入列 'MachineCode'，表 'HJDB.dbo.M_Machine_T'；列不允许有 Null 值。INSERT 失败。
语句已终止。
   在 Common.Utils.DBUtil.ExecSQL(String strSQL) 位置 d:\Work Projects\设备系统\SBGL\Client\Common\Utils\DBUtil.cs:行号 256
   在 Machine.FrmBaseMachine.tsmiSave_Click(Object sender, EventArgs e) 位置 d:\Work Projects\设备系统\SBGL\Client\Machine\FrmBaseMachine.cs:行号 156
   在 System.Windows.Forms.ToolStripItem.RaiseEvent(Object key, EventArgs e)
   在 System.Windows.Forms.ToolStripMenuItem.OnClick(EventArgs e)
   在 System.Windows.Forms.ToolStripItem.HandleClick(EventArgs e)
   在 System.Windows.Forms.ToolStripItem.HandleMouseUp(MouseEventArgs e)
   在 System.Windows.Forms.ToolStrip.OnMouseUp(MouseEventArgs mea)
   在 System.Windows.Forms.Control.WmMouseUp(Message& m, MouseButtons button, Int32 clicks)
   在 System.Windows.Forms.Control.WndProc(Message& m)
   在 System.Windows.Forms.ToolStrip.WndProc(Message& m)
   在 System.Windows.Forms.MenuStrip.WndProc(Message& m)
   在 System.Windows.Forms.NativeWindow.Callback(IntPtr hWnd, Int32 msg, IntPtr wparam, IntPtr lparam)
ClientConnectionId:d2530a66-3b31-42ca-ae06-66c1cea92020
Error Number:515,State:2,Class:16
