----------------------------------------------------------- 
记录时间：2023-07-05 09:14:35 线程名：[9] 级别：ERROR 类名：Common.Utils.DBUtil 
信息：sql操行错误
System.Data.SqlClient.SqlException (0x80131904): “ai”附近有语法错误。
   在 System.Data.SqlClient.SqlConnection.OnError(SqlException exception, Boolean breakConnection, Action`1 wrapCloseInAction)
   在 System.Data.SqlClient.TdsParser.ThrowExceptionAndWarning(TdsParserStateObject stateObj, Boolean callerHasConnectionLock, Boolean asyncClose)
   在 System.Data.SqlClient.TdsParser.TryRun(RunBehavior runBehavior, SqlCommand cmdHandler, SqlDataReader dataStream, BulkCopySimpleResultSet bulkCopyHandler, TdsParserStateObject stateObj, Boolean& dataReady)
   在 System.Data.SqlClient.SqlDataReader.TryConsumeMetaData()
   在 System.Data.SqlClient.SqlDataReader.get_MetaData()
   在 System.Data.SqlClient.SqlCommand.FinishExecuteReader(SqlDataReader ds, RunBehavior runBehavior, String resetOptionsString, Boolean isInternal, Boolean forDescribeParameterEncryption, Boolean shouldCacheForAlwaysEncrypted)
   在 System.Data.SqlClient.SqlCommand.RunExecuteReaderTds(CommandBehavior cmdBehavior, RunBehavior runBehavior, Boolean returnStream, Boolean async, Int32 timeout, Task& task, Boolean asyncWrite, Boolean inRetry, SqlDataReader ds, Boolean describeParameterEncryptionRequest)
   在 System.Data.SqlClient.SqlCommand.RunExecuteReader(CommandBehavior cmdBehavior, RunBehavior runBehavior, Boolean returnStream, String method, TaskCompletionSource`1 completion, Int32 timeout, Task& task, Boolean& usedCache, Boolean asyncWrite, Boolean inRetry)
   在 System.Data.SqlClient.SqlCommand.RunExecuteReader(CommandBehavior cmdBehavior, RunBehavior runBehavior, Boolean returnStream, String method)
   在 System.Data.SqlClient.SqlCommand.ExecuteReader(CommandBehavior behavior, String method)
   在 System.Data.Common.DbDataAdapter.FillInternal(DataSet dataset, DataTable[] datatables, Int32 startRecord, Int32 maxRecords, String srcTable, IDbCommand command, CommandBehavior behavior)
   在 System.Data.Common.DbDataAdapter.Fill(DataTable[] dataTables, Int32 startRecord, Int32 maxRecords, IDbCommand command, CommandBehavior behavior)
   在 System.Data.Common.DbDataAdapter.Fill(DataTable dataTable)
   在 Common.Utils.DBUtil.GetDataTable(String strSQL) 位置 d:\Work Projects\设备系统\SBGL\WinForm\Common\Utils\DBUtil.cs:行号 162
ClientConnectionId:a223cd92-f2ef-4458-927b-8b7d851a59d4
Error Number:102,State:1,Class:15

记录时间：2023-07-05 09:14:48 线程名：[9] 级别：ERROR 类名：CallSys.Utils.ExceptionHandle 
信息：捕获到未处理的异常
System.Data.SqlClient.SqlException (0x80131904): “ai”附近有语法错误。
   在 Common.Utils.DBUtil.GetDataTable(String strSQL) 位置 d:\Work Projects\设备系统\SBGL\WinForm\Common\Utils\DBUtil.cs:行号 174
   在 Machine.FrmBaseMaintenance.RefreshGridData() 位置 d:\Work Projects\设备系统\SBGL\WinForm\Machine\FrmBaseMaintenance.cs:行号 362
   在 Machine.FrmBaseMaintenance.tsmiRefresh_Click(Object sender, EventArgs e) 位置 d:\Work Projects\设备系统\SBGL\WinForm\Machine\FrmBaseMaintenance.cs:行号 100
   在 System.Windows.Forms.ToolStripItem.RaiseEvent(Object key, EventArgs e)
   在 System.Windows.Forms.ToolStripMenuItem.OnClick(EventArgs e)
   在 System.Windows.Forms.ToolStripItem.HandleClick(EventArgs e)
   在 System.Windows.Forms.ToolStripItem.HandleMouseUp(MouseEventArgs e)
   在 System.Windows.Forms.ToolStrip.OnMouseUp(MouseEventArgs mea)
   在 System.Windows.Forms.Control.WmMouseUp(Message& m, MouseButtons button, Int32 clicks)
   在 System.Windows.Forms.Control.WndProc(Message& m)
   在 System.Windows.Forms.ToolStrip.WndProc(Message& m)
   在 System.Windows.Forms.MenuStrip.WndProc(Message& m)
   在 System.Windows.Forms.NativeWindow.Callback(IntPtr hWnd, Int32 msg, IntPtr wparam, IntPtr lparam)
ClientConnectionId:a223cd92-f2ef-4458-927b-8b7d851a59d4
Error Number:102,State:1,Class:15
----------------------------------------------------------- 
记录时间：2023-07-05 15:45:30 线程名：[9] 级别：ERROR 类名：Common.Utils.ExcelUtil 
信息：文件“C:\Users\11011692\Desktop\设备保养项目信息.xlsx”正由另一进程使用，因此该进程无法访问此文件。

记录时间：2023-07-05 15:45:32 线程名：[9] 级别：ERROR 类名：Machine.FrmMaintenanceItem 
信息：
System.NullReferenceException: 未将对象引用设置到对象的实例。
   在 Common.Utils.ExcelUtil.ReadFromExcelFile(String filePath) 位置 d:\Work Projects\设备系统\SBGL\WinForm\Common\Utils\ExcelUtil.cs:行号 252
   在 Machine.FrmMaintenanceItem.tsmiImport_Click(Object sender, EventArgs e) 位置 d:\Work Projects\设备系统\SBGL\WinForm\Machine\FrmMaintenanceItem.cs:行号 184

记录时间：2023-07-05 15:45:47 线程名：[9] 级别：ERROR 类名：Common.Utils.ExcelUtil 
信息：文件“C:\Users\11011692\Desktop\设备保养项目信息.xlsx”正由另一进程使用，因此该进程无法访问此文件。

记录时间：2023-07-05 15:45:49 线程名：[9] 级别：ERROR 类名：Machine.FrmMaintenanceItem 
信息：
System.NullReferenceException: 未将对象引用设置到对象的实例。
   在 Common.Utils.ExcelUtil.ReadFromExcelFile(String filePath) 位置 d:\Work Projects\设备系统\SBGL\WinForm\Common\Utils\ExcelUtil.cs:行号 252
   在 Machine.FrmMaintenanceItem.tsmiImport_Click(Object sender, EventArgs e) 位置 d:\Work Projects\设备系统\SBGL\WinForm\Machine\FrmMaintenanceItem.cs:行号 184

记录时间：2023-07-05 15:46:10 线程名：[9] 级别：ERROR 类名：Common.Utils.ExcelUtil 
信息：文件“C:\Users\11011692\Desktop\设备保养项目信息.xlsx”正由另一进程使用，因此该进程无法访问此文件。

记录时间：2023-07-05 15:46:12 线程名：[9] 级别：ERROR 类名：Machine.FrmMaintenanceItem 
信息：
System.NullReferenceException: 未将对象引用设置到对象的实例。
   在 Common.Utils.ExcelUtil.ReadFromExcelFile(String filePath) 位置 d:\Work Projects\设备系统\SBGL\WinForm\Common\Utils\ExcelUtil.cs:行号 252
   在 Machine.FrmMaintenanceItem.tsmiImport_Click(Object sender, EventArgs e) 位置 d:\Work Projects\设备系统\SBGL\WinForm\Machine\FrmMaintenanceItem.cs:行号 184
