----------------------------------------------------------- 
记录时间：2023-07-15 09:34:18 线程名：[9] 级别：ERROR 类名：CallSys.FrmBaseUser 
信息：
System.ArgumentException: 列“Pwd”不属于表 。
   在 System.Data.DataRow.GetDataColumn(String columnName)
   在 System.Data.DataRow.get_Item(String columnName)
   在 CallSys.FrmBaseUser.dgvUser_CellClick(Object sender, DataGridViewCellEventArgs e) 位置 d:\Work Projects\设备系统\SBGL\WinForm\CallSys\FrmBaseUser.cs:行号 672

记录时间：2023-07-15 09:34:27 线程名：[9] 级别：ERROR 类名：CallSys.FrmBaseUser 
信息：
System.ArgumentException: 列“Pwd”不属于表 。
   在 System.Data.DataRow.GetDataColumn(String columnName)
   在 System.Data.DataRow.get_Item(String columnName)
   在 CallSys.FrmBaseUser.dgvUser_CellClick(Object sender, DataGridViewCellEventArgs e) 位置 d:\Work Projects\设备系统\SBGL\WinForm\CallSys\FrmBaseUser.cs:行号 672

记录时间：2023-07-15 09:34:28 线程名：[9] 级别：ERROR 类名：CallSys.FrmBaseUser 
信息：
System.ArgumentException: 列“Pwd”不属于表 。
   在 System.Data.DataRow.GetDataColumn(String columnName)
   在 System.Data.DataRow.get_Item(String columnName)
   在 CallSys.FrmBaseUser.dgvUser_CellClick(Object sender, DataGridViewCellEventArgs e) 位置 d:\Work Projects\设备系统\SBGL\WinForm\CallSys\FrmBaseUser.cs:行号 672

记录时间：2023-07-15 09:34:31 线程名：[9] 级别：ERROR 类名：CallSys.FrmBaseUser 
信息：
System.ArgumentException: 列“Pwd”不属于表 。
   在 System.Data.DataRow.GetDataColumn(String columnName)
   在 System.Data.DataRow.get_Item(String columnName)
   在 CallSys.FrmBaseUser.dgvUser_CellClick(Object sender, DataGridViewCellEventArgs e) 位置 d:\Work Projects\设备系统\SBGL\WinForm\CallSys\FrmBaseUser.cs:行号 672

记录时间：2023-07-15 09:34:34 线程名：[9] 级别：ERROR 类名：CallSys.FrmBaseUser 
信息：
System.ArgumentException: 列“Pwd”不属于表 。
   在 System.Data.DataRow.GetDataColumn(String columnName)
   在 System.Data.DataRow.get_Item(String columnName)
   在 CallSys.FrmBaseUser.dgvUser_CellClick(Object sender, DataGridViewCellEventArgs e) 位置 d:\Work Projects\设备系统\SBGL\WinForm\CallSys\FrmBaseUser.cs:行号 672

记录时间：2023-07-15 09:35:06 线程名：[9] 级别：ERROR 类名：CallSys.FrmBaseUser 
信息：
System.ArgumentException: 列“Pwd”不属于表 。
   在 System.Data.DataRow.GetDataColumn(String columnName)
   在 System.Data.DataRow.get_Item(String columnName)
   在 CallSys.FrmBaseUser.dgvUser_CellClick(Object sender, DataGridViewCellEventArgs e) 位置 d:\Work Projects\设备系统\SBGL\WinForm\CallSys\FrmBaseUser.cs:行号 672

记录时间：2023-07-15 09:35:11 线程名：[9] 级别：ERROR 类名：CallSys.FrmBaseUser 
信息：
System.ArgumentException: 列“Pwd”不属于表 。
   在 System.Data.DataRow.GetDataColumn(String columnName)
   在 System.Data.DataRow.get_Item(String columnName)
   在 CallSys.FrmBaseUser.dgvUser_CellClick(Object sender, DataGridViewCellEventArgs e) 位置 d:\Work Projects\设备系统\SBGL\WinForm\CallSys\FrmBaseUser.cs:行号 672

记录时间：2023-07-15 09:35:14 线程名：[9] 级别：ERROR 类名：CallSys.FrmBaseUser 
信息：
System.ArgumentException: 列“Pwd”不属于表 。
   在 System.Data.DataRow.GetDataColumn(String columnName)
   在 System.Data.DataRow.get_Item(String columnName)
   在 CallSys.FrmBaseUser.dgvUser_CellClick(Object sender, DataGridViewCellEventArgs e) 位置 d:\Work Projects\设备系统\SBGL\WinForm\CallSys\FrmBaseUser.cs:行号 672
----------------------------------------------------------- 
记录时间：2023-07-15 09:39:54 线程名：[10] 级别：ERROR 类名：CallSys.FrmBaseUser 
信息：
System.ArgumentException: 列“Pwd”不属于表 。
   在 System.Data.DataRow.GetDataColumn(String columnName)
   在 System.Data.DataRow.get_Item(String columnName)
   在 CallSys.FrmBaseUser.dgvUser_CellClick(Object sender, DataGridViewCellEventArgs e) 位置 d:\Work Projects\设备系统\SBGL\WinForm\CallSys\FrmBaseUser.cs:行号 673

记录时间：2023-07-15 09:40:02 线程名：[10] 级别：ERROR 类名：CallSys.FrmBaseUser 
信息：
System.ArgumentException: 列“Pwd”不属于表 。
   在 System.Data.DataRow.GetDataColumn(String columnName)
   在 System.Data.DataRow.get_Item(String columnName)
   在 CallSys.FrmBaseUser.dgvUser_CellClick(Object sender, DataGridViewCellEventArgs e) 位置 d:\Work Projects\设备系统\SBGL\WinForm\CallSys\FrmBaseUser.cs:行号 673

记录时间：2023-07-15 09:40:10 线程名：[10] 级别：ERROR 类名：CallSys.FrmBaseUser 
信息：
System.ArgumentException: 列“Pwd”不属于表 。
   在 System.Data.DataRow.GetDataColumn(String columnName)
   在 System.Data.DataRow.get_Item(String columnName)
   在 CallSys.FrmBaseUser.dgvUser_CellClick(Object sender, DataGridViewCellEventArgs e) 位置 d:\Work Projects\设备系统\SBGL\WinForm\CallSys\FrmBaseUser.cs:行号 673

记录时间：2023-07-15 09:40:13 线程名：[10] 级别：ERROR 类名：CallSys.FrmBaseUser 
信息：
System.ArgumentException: 列“Pwd”不属于表 。
   在 System.Data.DataRow.GetDataColumn(String columnName)
   在 System.Data.DataRow.get_Item(String columnName)
   在 CallSys.FrmBaseUser.dgvUser_CellClick(Object sender, DataGridViewCellEventArgs e) 位置 d:\Work Projects\设备系统\SBGL\WinForm\CallSys\FrmBaseUser.cs:行号 673
----------------------------------------------------------- 
记录时间：2023-07-15 09:47:19 线程名：[9] 级别：ERROR 类名：CallSys.FrmBaseUser 
信息：
System.ArgumentException: 列“Pwd”不属于表 。
   在 System.Data.DataRow.GetDataColumn(String columnName)
   在 System.Data.DataRow.get_Item(String columnName)
   在 CallSys.FrmBaseUser.dgvUser_CellClick(Object sender, DataGridViewCellEventArgs e) 位置 d:\Work Projects\设备系统\SBGL\WinForm\CallSys\FrmBaseUser.cs:行号 673

记录时间：2023-07-15 09:47:26 线程名：[9] 级别：ERROR 类名：CallSys.FrmBaseUser 
信息：
System.ArgumentException: 列“Pwd”不属于表 。
   在 System.Data.DataRow.GetDataColumn(String columnName)
   在 System.Data.DataRow.get_Item(String columnName)
   在 CallSys.FrmBaseUser.dgvUser_CellClick(Object sender, DataGridViewCellEventArgs e) 位置 d:\Work Projects\设备系统\SBGL\WinForm\CallSys\FrmBaseUser.cs:行号 673

记录时间：2023-07-15 09:47:35 线程名：[9] 级别：ERROR 类名：CallSys.FrmBaseUser 
信息：
System.ArgumentException: 列“Pwd”不属于表 。
   在 System.Data.DataRow.GetDataColumn(String columnName)
   在 System.Data.DataRow.get_Item(String columnName)
   在 CallSys.FrmBaseUser.dgvUser_CellClick(Object sender, DataGridViewCellEventArgs e) 位置 d:\Work Projects\设备系统\SBGL\WinForm\CallSys\FrmBaseUser.cs:行号 673

记录时间：2023-07-15 09:47:45 线程名：[9] 级别：ERROR 类名：CallSys.FrmBaseUser 
信息：
System.ArgumentException: 列“Pwd”不属于表 。
   在 System.Data.DataRow.GetDataColumn(String columnName)
   在 System.Data.DataRow.get_Item(String columnName)
   在 CallSys.FrmBaseUser.dgvUser_CellClick(Object sender, DataGridViewCellEventArgs e) 位置 d:\Work Projects\设备系统\SBGL\WinForm\CallSys\FrmBaseUser.cs:行号 673

记录时间：2023-07-15 09:47:50 线程名：[9] 级别：ERROR 类名：CallSys.FrmBaseUser 
信息：
System.ArgumentException: 列“Pwd”不属于表 。
   在 System.Data.DataRow.GetDataColumn(String columnName)
   在 System.Data.DataRow.get_Item(String columnName)
   在 CallSys.FrmBaseUser.dgvUser_CellClick(Object sender, DataGridViewCellEventArgs e) 位置 d:\Work Projects\设备系统\SBGL\WinForm\CallSys\FrmBaseUser.cs:行号 673

记录时间：2023-07-15 09:47:57 线程名：[9] 级别：ERROR 类名：CallSys.FrmBaseUser 
信息：
System.ArgumentException: 列“Pwd”不属于表 。
   在 System.Data.DataRow.GetDataColumn(String columnName)
   在 System.Data.DataRow.get_Item(String columnName)
   在 CallSys.FrmBaseUser.dgvUser_CellClick(Object sender, DataGridViewCellEventArgs e) 位置 d:\Work Projects\设备系统\SBGL\WinForm\CallSys\FrmBaseUser.cs:行号 673
----------------------------------------------------------- 
记录时间：2023-07-15 09:59:27 线程名：[10] 级别：ERROR 类名：CallSys.FrmBaseUser 
信息：
System.ArgumentException: 列“Pwd”不属于表 。
   在 System.Data.DataRow.GetDataColumn(String columnName)
   在 System.Data.DataRow.get_Item(String columnName)
   在 CallSys.FrmBaseUser.dgvUser_CellClick(Object sender, DataGridViewCellEventArgs e) 位置 d:\Work Projects\设备系统\SBGL\WinForm\CallSys\FrmBaseUser.cs:行号 673

记录时间：2023-07-15 09:59:29 线程名：[10] 级别：ERROR 类名：CallSys.FrmBaseUser 
信息：
System.ArgumentException: 列“Pwd”不属于表 。
   在 System.Data.DataRow.GetDataColumn(String columnName)
   在 System.Data.DataRow.get_Item(String columnName)
   在 CallSys.FrmBaseUser.dgvUser_CellClick(Object sender, DataGridViewCellEventArgs e) 位置 d:\Work Projects\设备系统\SBGL\WinForm\CallSys\FrmBaseUser.cs:行号 673

记录时间：2023-07-15 09:59:29 线程名：[10] 级别：ERROR 类名：CallSys.FrmBaseUser 
信息：
System.ArgumentException: 列“Pwd”不属于表 。
   在 System.Data.DataRow.GetDataColumn(String columnName)
   在 System.Data.DataRow.get_Item(String columnName)
   在 CallSys.FrmBaseUser.dgvUser_CellClick(Object sender, DataGridViewCellEventArgs e) 位置 d:\Work Projects\设备系统\SBGL\WinForm\CallSys\FrmBaseUser.cs:行号 673

记录时间：2023-07-15 09:59:30 线程名：[10] 级别：ERROR 类名：CallSys.FrmBaseUser 
信息：
System.ArgumentException: 列“Pwd”不属于表 。
   在 System.Data.DataRow.GetDataColumn(String columnName)
   在 System.Data.DataRow.get_Item(String columnName)
   在 CallSys.FrmBaseUser.dgvUser_CellClick(Object sender, DataGridViewCellEventArgs e) 位置 d:\Work Projects\设备系统\SBGL\WinForm\CallSys\FrmBaseUser.cs:行号 673

记录时间：2023-07-15 09:59:30 线程名：[10] 级别：ERROR 类名：CallSys.FrmBaseUser 
信息：
System.ArgumentException: 列“Pwd”不属于表 。
   在 System.Data.DataRow.GetDataColumn(String columnName)
   在 System.Data.DataRow.get_Item(String columnName)
   在 CallSys.FrmBaseUser.dgvUser_CellClick(Object sender, DataGridViewCellEventArgs e) 位置 d:\Work Projects\设备系统\SBGL\WinForm\CallSys\FrmBaseUser.cs:行号 673

记录时间：2023-07-15 09:59:31 线程名：[10] 级别：ERROR 类名：CallSys.FrmBaseUser 
信息：
System.ArgumentException: 列“Pwd”不属于表 。
   在 System.Data.DataRow.GetDataColumn(String columnName)
   在 System.Data.DataRow.get_Item(String columnName)
   在 CallSys.FrmBaseUser.dgvUser_CellClick(Object sender, DataGridViewCellEventArgs e) 位置 d:\Work Projects\设备系统\SBGL\WinForm\CallSys\FrmBaseUser.cs:行号 673

记录时间：2023-07-15 09:59:31 线程名：[10] 级别：ERROR 类名：CallSys.FrmBaseUser 
信息：
System.ArgumentException: 列“Pwd”不属于表 。
   在 System.Data.DataRow.GetDataColumn(String columnName)
   在 System.Data.DataRow.get_Item(String columnName)
   在 CallSys.FrmBaseUser.dgvUser_CellClick(Object sender, DataGridViewCellEventArgs e) 位置 d:\Work Projects\设备系统\SBGL\WinForm\CallSys\FrmBaseUser.cs:行号 673

记录时间：2023-07-15 09:59:32 线程名：[10] 级别：ERROR 类名：CallSys.FrmBaseUser 
信息：
System.ArgumentException: 列“Pwd”不属于表 。
   在 System.Data.DataRow.GetDataColumn(String columnName)
   在 System.Data.DataRow.get_Item(String columnName)
   在 CallSys.FrmBaseUser.dgvUser_CellClick(Object sender, DataGridViewCellEventArgs e) 位置 d:\Work Projects\设备系统\SBGL\WinForm\CallSys\FrmBaseUser.cs:行号 673

记录时间：2023-07-15 09:59:33 线程名：[10] 级别：ERROR 类名：CallSys.FrmBaseUser 
信息：
System.ArgumentException: 列“Pwd”不属于表 。
   在 System.Data.DataRow.GetDataColumn(String columnName)
   在 System.Data.DataRow.get_Item(String columnName)
   在 CallSys.FrmBaseUser.dgvUser_CellClick(Object sender, DataGridViewCellEventArgs e) 位置 d:\Work Projects\设备系统\SBGL\WinForm\CallSys\FrmBaseUser.cs:行号 673

记录时间：2023-07-15 09:59:34 线程名：[10] 级别：ERROR 类名：CallSys.FrmBaseUser 
信息：
System.ArgumentException: 列“Pwd”不属于表 。
   在 System.Data.DataRow.GetDataColumn(String columnName)
   在 System.Data.DataRow.get_Item(String columnName)
   在 CallSys.FrmBaseUser.dgvUser_CellClick(Object sender, DataGridViewCellEventArgs e) 位置 d:\Work Projects\设备系统\SBGL\WinForm\CallSys\FrmBaseUser.cs:行号 673

记录时间：2023-07-15 09:59:35 线程名：[10] 级别：ERROR 类名：CallSys.FrmBaseUser 
信息：
System.ArgumentException: 列“Pwd”不属于表 。
   在 System.Data.DataRow.GetDataColumn(String columnName)
   在 System.Data.DataRow.get_Item(String columnName)
   在 CallSys.FrmBaseUser.dgvUser_CellClick(Object sender, DataGridViewCellEventArgs e) 位置 d:\Work Projects\设备系统\SBGL\WinForm\CallSys\FrmBaseUser.cs:行号 673
----------------------------------------------------------- 
记录时间：2023-07-15 10:13:00 线程名：[9] 级别：ERROR 类名：CallSys.FrmBaseUser 
信息：
System.ArgumentException: 列“Pwd”不属于表 。
   在 System.Data.DataRow.GetDataColumn(String columnName)
   在 System.Data.DataRow.get_Item(String columnName)
   在 CallSys.FrmBaseUser.dgvUser_CellClick(Object sender, DataGridViewCellEventArgs e) 位置 d:\Work Projects\设备系统\SBGL\WinForm\CallSys\FrmBaseUser.cs:行号 673

记录时间：2023-07-15 10:13:05 线程名：[9] 级别：ERROR 类名：CallSys.FrmBaseUser 
信息：
System.ArgumentException: 列“Pwd”不属于表 。
   在 System.Data.DataRow.GetDataColumn(String columnName)
   在 System.Data.DataRow.get_Item(String columnName)
   在 CallSys.FrmBaseUser.dgvUser_CellClick(Object sender, DataGridViewCellEventArgs e) 位置 d:\Work Projects\设备系统\SBGL\WinForm\CallSys\FrmBaseUser.cs:行号 673

记录时间：2023-07-15 10:13:07 线程名：[9] 级别：ERROR 类名：CallSys.FrmBaseUser 
信息：
System.ArgumentException: 列“Pwd”不属于表 。
   在 System.Data.DataRow.GetDataColumn(String columnName)
   在 System.Data.DataRow.get_Item(String columnName)
   在 CallSys.FrmBaseUser.dgvUser_CellClick(Object sender, DataGridViewCellEventArgs e) 位置 d:\Work Projects\设备系统\SBGL\WinForm\CallSys\FrmBaseUser.cs:行号 673

记录时间：2023-07-15 10:13:11 线程名：[9] 级别：ERROR 类名：CallSys.FrmBaseUser 
信息：
System.ArgumentException: 列“Pwd”不属于表 。
   在 System.Data.DataRow.GetDataColumn(String columnName)
   在 System.Data.DataRow.get_Item(String columnName)
   在 CallSys.FrmBaseUser.dgvUser_CellClick(Object sender, DataGridViewCellEventArgs e) 位置 d:\Work Projects\设备系统\SBGL\WinForm\CallSys\FrmBaseUser.cs:行号 673

记录时间：2023-07-15 10:13:13 线程名：[9] 级别：ERROR 类名：CallSys.FrmBaseUser 
信息：
System.ArgumentException: 列“Pwd”不属于表 。
   在 System.Data.DataRow.GetDataColumn(String columnName)
   在 System.Data.DataRow.get_Item(String columnName)
   在 CallSys.FrmBaseUser.dgvUser_CellClick(Object sender, DataGridViewCellEventArgs e) 位置 d:\Work Projects\设备系统\SBGL\WinForm\CallSys\FrmBaseUser.cs:行号 673

记录时间：2023-07-15 10:13:19 线程名：[9] 级别：ERROR 类名：CallSys.FrmBaseUser 
信息：
System.ArgumentException: 列“Pwd”不属于表 。
   在 System.Data.DataRow.GetDataColumn(String columnName)
   在 System.Data.DataRow.get_Item(String columnName)
   在 CallSys.FrmBaseUser.dgvUser_CellClick(Object sender, DataGridViewCellEventArgs e) 位置 d:\Work Projects\设备系统\SBGL\WinForm\CallSys\FrmBaseUser.cs:行号 673

记录时间：2023-07-15 10:13:21 线程名：[9] 级别：ERROR 类名：CallSys.FrmBaseUser 
信息：
System.ArgumentException: 列“Pwd”不属于表 。
   在 System.Data.DataRow.GetDataColumn(String columnName)
   在 System.Data.DataRow.get_Item(String columnName)
   在 CallSys.FrmBaseUser.dgvUser_CellClick(Object sender, DataGridViewCellEventArgs e) 位置 d:\Work Projects\设备系统\SBGL\WinForm\CallSys\FrmBaseUser.cs:行号 673

记录时间：2023-07-15 10:13:22 线程名：[9] 级别：ERROR 类名：CallSys.FrmBaseUser 
信息：
System.ArgumentException: 列“Pwd”不属于表 。
   在 System.Data.DataRow.GetDataColumn(String columnName)
   在 System.Data.DataRow.get_Item(String columnName)
   在 CallSys.FrmBaseUser.dgvUser_CellClick(Object sender, DataGridViewCellEventArgs e) 位置 d:\Work Projects\设备系统\SBGL\WinForm\CallSys\FrmBaseUser.cs:行号 673

记录时间：2023-07-15 10:13:49 线程名：[9] 级别：ERROR 类名：CallSys.FrmBaseUser 
信息：
System.ArgumentException: 列“Pwd”不属于表 。
   在 System.Data.DataRow.GetDataColumn(String columnName)
   在 System.Data.DataRow.get_Item(String columnName)
   在 CallSys.FrmBaseUser.dgvUser_CellClick(Object sender, DataGridViewCellEventArgs e) 位置 d:\Work Projects\设备系统\SBGL\WinForm\CallSys\FrmBaseUser.cs:行号 673
----------------------------------------------------------- 
记录时间：2023-07-15 10:17:53 线程名：[10] 级别：ERROR 类名：Common.Utils.DBUtil 
信息：sql操行错误
System.Data.SqlClient.SqlException (0x80131904): 关键字 'Case' 附近有语法错误。
“HasUserImage”附近有语法错误。
   在 System.Data.SqlClient.SqlConnection.OnError(SqlException exception, Boolean breakConnection, Action`1 wrapCloseInAction)
   在 System.Data.SqlClient.TdsParser.ThrowExceptionAndWarning(TdsParserStateObject stateObj, Boolean callerHasConnectionLock, Boolean asyncClose)
   在 System.Data.SqlClient.TdsParser.TryRun(RunBehavior runBehavior, SqlCommand cmdHandler, SqlDataReader dataStream, BulkCopySimpleResultSet bulkCopyHandler, TdsParserStateObject stateObj, Boolean& dataReady)
   在 System.Data.SqlClient.SqlDataReader.TryConsumeMetaData()
   在 System.Data.SqlClient.SqlDataReader.get_MetaData()
   在 System.Data.SqlClient.SqlCommand.FinishExecuteReader(SqlDataReader ds, RunBehavior runBehavior, String resetOptionsString, Boolean isInternal, Boolean forDescribeParameterEncryption, Boolean shouldCacheForAlwaysEncrypted)
   在 System.Data.SqlClient.SqlCommand.RunExecuteReaderTds(CommandBehavior cmdBehavior, RunBehavior runBehavior, Boolean returnStream, Boolean async, Int32 timeout, Task& task, Boolean asyncWrite, Boolean inRetry, SqlDataReader ds, Boolean describeParameterEncryptionRequest)
   在 System.Data.SqlClient.SqlCommand.RunExecuteReader(CommandBehavior cmdBehavior, RunBehavior runBehavior, Boolean returnStream, String method, TaskCompletionSource`1 completion, Int32 timeout, Task& task, Boolean& usedCache, Boolean asyncWrite, Boolean inRetry)
   在 System.Data.SqlClient.SqlCommand.RunExecuteReader(CommandBehavior cmdBehavior, RunBehavior runBehavior, Boolean returnStream, String method)
   在 System.Data.SqlClient.SqlCommand.ExecuteReader(CommandBehavior behavior, String method)
   在 System.Data.Common.DbDataAdapter.FillInternal(DataSet dataset, DataTable[] datatables, Int32 startRecord, Int32 maxRecords, String srcTable, IDbCommand command, CommandBehavior behavior)
   在 System.Data.Common.DbDataAdapter.Fill(DataTable[] dataTables, Int32 startRecord, Int32 maxRecords, IDbCommand command, CommandBehavior behavior)
   在 System.Data.Common.DbDataAdapter.Fill(DataTable dataTable)
   在 Common.Utils.DBUtil.GetDataTable(String strSQL) 位置 d:\Work Projects\设备系统\SBGL\WinForm\Common\Utils\DBUtil.cs:行号 162
ClientConnectionId:3d4e9027-7b2a-4b2e-bcd2-e1cdf70ed938
Error Number:156,State:1,Class:15

记录时间：2023-07-15 10:17:53 线程名：[10] 级别：ERROR 类名：CallSys.FrmBaseUser 
信息：
System.Data.SqlClient.SqlException (0x80131904): 关键字 'Case' 附近有语法错误。
“HasUserImage”附近有语法错误。
   在 Common.Utils.DBUtil.GetDataTable(String strSQL) 位置 d:\Work Projects\设备系统\SBGL\WinForm\Common\Utils\DBUtil.cs:行号 174
   在 CallSys.FrmBaseUser.RefreshGridData() 位置 d:\Work Projects\设备系统\SBGL\WinForm\CallSys\FrmBaseUser.cs:行号 724
ClientConnectionId:3d4e9027-7b2a-4b2e-bcd2-e1cdf70ed938
Error Number:156,State:1,Class:15
