----------------------------------------------------------- 
记录时间：2023-07-07 11:44:02 线程名：[9] 级别：ERROR 类名：Common.Utils.DBUtil 
信息：sql操行错误
System.Data.SqlClient.SqlException (0x80131904): 关键字 'AS' 附近有语法错误。
   在 System.Data.SqlClient.SqlConnection.OnError(SqlException exception, Boolean breakConnection, Action`1 wrapCloseInAction)
   在 System.Data.SqlClient.TdsParser.ThrowExceptionAndWarning(TdsParserStateObject stateObj, Boolean callerHasConnectionLock, Boolean asyncClose)
   在 System.Data.SqlClient.TdsParser.TryRun(RunBehavior runBehavior, SqlCommand cmdHandler, SqlDataReader dataStream, BulkCopySimpleResultSet bulkCopyHandler, TdsParserStateObject stateObj, Boolean& dataReady)
   在 System.Data.SqlClient.SqlDataReader.TryConsumeMetaData()
   在 System.Data.SqlClient.SqlDataReader.get_MetaData()
   在 System.Data.SqlClient.SqlCommand.FinishExecuteReader(SqlDataReader ds, RunBehavior runBehavior, String resetOptionsString, Boolean isInternal, Boolean forDescribeParameterEncryption, Boolean shouldCacheForAlwaysEncrypted)
   在 System.Data.SqlClient.SqlCommand.RunExecuteReaderTds(CommandBehavior cmdBehavior, RunBehavior runBehavior, Boolean returnStream, Boolean async, Int32 timeout, Task& task, Boolean asyncWrite, Boolean inRetry, SqlDataReader ds, Boolean describeParameterEncryptionRequest)
   在 System.Data.SqlClient.SqlCommand.RunExecuteReader(CommandBehavior cmdBehavior, RunBehavior runBehavior, Boolean returnStream, String method, TaskCompletionSource`1 completion, Int32 timeout, Task& task, Boolean& usedCache, Boolean asyncWrite, Boolean inRetry)
   在 System.Data.SqlClient.SqlCommand.RunExecuteReader(CommandBehavior cmdBehavior, RunBehavior runBehavior, Boolean returnStream, String method)
   在 System.Data.SqlClient.SqlCommand.ExecuteReader(CommandBehavior behavior, String method)
   在 System.Data.Common.DbDataAdapter.FillInternal(DataSet dataset, DataTable[] datatables, Int32 startRecord, Int32 maxRecords, String srcTable, IDbCommand command, CommandBehavior behavior)
   在 System.Data.Common.DbDataAdapter.Fill(DataTable[] dataTables, Int32 startRecord, Int32 maxRecords, IDbCommand command, CommandBehavior behavior)
   在 System.Data.Common.DbDataAdapter.Fill(DataTable dataTable)
   在 Common.Utils.DBUtil.GetDataTable(String strSQL) 位置 d:\Work Projects\设备系统\SBGL\WinForm\Common\Utils\DBUtil.cs:行号 162
ClientConnectionId:6db7c786-d315-43f8-b534-0190f666bb7f
Error Number:156,State:1,Class:15

记录时间：2023-07-07 11:53:18 线程名：[9] 级别：ERROR 类名：CallSys.Utils.ExceptionHandle 
信息：捕获到未处理的异常
System.Data.SqlClient.SqlException (0x80131904): 关键字 'AS' 附近有语法错误。
   在 Common.Utils.DBUtil.GetDataTable(String strSQL) 位置 d:\Work Projects\设备系统\SBGL\WinForm\Common\Utils\DBUtil.cs:行号 174
   在 Machine.FrmLineMaintenance.RefreshGridData() 位置 d:\Work Projects\设备系统\SBGL\WinForm\Machine\FrmLineMaintenance.cs:行号 114
   在 Machine.FrmLineMaintenance.FrmLineMaintenance_Load(Object sender, EventArgs e) 位置 d:\Work Projects\设备系统\SBGL\WinForm\Machine\FrmLineMaintenance.cs:行号 56
   在 System.Windows.Forms.Form.OnLoad(EventArgs e)
   在 System.Windows.Forms.Form.OnCreateControl()
   在 System.Windows.Forms.Control.CreateControl(Boolean fIgnoreVisible)
   在 System.Windows.Forms.Control.CreateControl()
   在 System.Windows.Forms.Control.WmShowWindow(Message& m)
   在 System.Windows.Forms.Control.WndProc(Message& m)
   在 System.Windows.Forms.Form.WmShowWindow(Message& m)
   在 System.Windows.Forms.NativeWindow.Callback(IntPtr hWnd, Int32 msg, IntPtr wparam, IntPtr lparam)
ClientConnectionId:6db7c786-d315-43f8-b534-0190f666bb7f
Error Number:156,State:1,Class:15
----------------------------------------------------------- 
记录时间：2023-07-07 17:29:12 线程名：[9] 级别：ERROR 类名：Common.Utils.DBUtil 
信息：sql操行错误
System.Data.SqlClient.SqlException (0x80131904): 对象名 'A_AssetInfo' 无效。
   在 System.Data.SqlClient.SqlConnection.OnError(SqlException exception, Boolean breakConnection, Action`1 wrapCloseInAction)
   在 System.Data.SqlClient.TdsParser.ThrowExceptionAndWarning(TdsParserStateObject stateObj, Boolean callerHasConnectionLock, Boolean asyncClose)
   在 System.Data.SqlClient.TdsParser.TryRun(RunBehavior runBehavior, SqlCommand cmdHandler, SqlDataReader dataStream, BulkCopySimpleResultSet bulkCopyHandler, TdsParserStateObject stateObj, Boolean& dataReady)
   在 System.Data.SqlClient.SqlDataReader.TryConsumeMetaData()
   在 System.Data.SqlClient.SqlDataReader.get_MetaData()
   在 System.Data.SqlClient.SqlCommand.FinishExecuteReader(SqlDataReader ds, RunBehavior runBehavior, String resetOptionsString, Boolean isInternal, Boolean forDescribeParameterEncryption, Boolean shouldCacheForAlwaysEncrypted)
   在 System.Data.SqlClient.SqlCommand.RunExecuteReaderTds(CommandBehavior cmdBehavior, RunBehavior runBehavior, Boolean returnStream, Boolean async, Int32 timeout, Task& task, Boolean asyncWrite, Boolean inRetry, SqlDataReader ds, Boolean describeParameterEncryptionRequest)
   在 System.Data.SqlClient.SqlCommand.RunExecuteReader(CommandBehavior cmdBehavior, RunBehavior runBehavior, Boolean returnStream, String method, TaskCompletionSource`1 completion, Int32 timeout, Task& task, Boolean& usedCache, Boolean asyncWrite, Boolean inRetry)
   在 System.Data.SqlClient.SqlCommand.RunExecuteReader(CommandBehavior cmdBehavior, RunBehavior runBehavior, Boolean returnStream, String method)
   在 System.Data.SqlClient.SqlCommand.ExecuteReader(CommandBehavior behavior, String method)
   在 System.Data.Common.DbDataAdapter.FillInternal(DataSet dataset, DataTable[] datatables, Int32 startRecord, Int32 maxRecords, String srcTable, IDbCommand command, CommandBehavior behavior)
   在 System.Data.Common.DbDataAdapter.Fill(DataTable[] dataTables, Int32 startRecord, Int32 maxRecords, IDbCommand command, CommandBehavior behavior)
   在 System.Data.Common.DbDataAdapter.Fill(DataTable dataTable)
   在 Common.Utils.DBUtil.GetDataTable(String strSQL) 位置 d:\Work Projects\设备系统\SBGL\WinForm\Common\Utils\DBUtil.cs:行号 162
ClientConnectionId:bc280c8d-1695-4fca-9efa-89c78c0d146b
Error Number:208,State:1,Class:16

记录时间：2023-07-07 17:29:33 线程名：[9] 级别：ERROR 类名：CallSys.Utils.ExceptionHandle 
信息：捕获到未处理的异常
System.Data.SqlClient.SqlException (0x80131904): 对象名 'A_AssetInfo' 无效。
   在 Common.Utils.DBUtil.GetDataTable(String strSQL) 位置 d:\Work Projects\设备系统\SBGL\WinForm\Common\Utils\DBUtil.cs:行号 174
   在 Machine.FrmLineMaintenance.RefreshGridData()
   在 Machine.FrmLineMaintenance.FrmLineMaintenance_Load(Object sender, EventArgs e)
   在 System.Windows.Forms.Form.OnLoad(EventArgs e)
   在 System.Windows.Forms.Form.OnCreateControl()
   在 System.Windows.Forms.Control.CreateControl(Boolean fIgnoreVisible)
   在 System.Windows.Forms.Control.CreateControl()
   在 System.Windows.Forms.Control.WmShowWindow(Message& m)
   在 System.Windows.Forms.Control.WndProc(Message& m)
   在 System.Windows.Forms.Form.WmShowWindow(Message& m)
   在 System.Windows.Forms.NativeWindow.Callback(IntPtr hWnd, Int32 msg, IntPtr wparam, IntPtr lparam)
ClientConnectionId:bc280c8d-1695-4fca-9efa-89c78c0d146b
Error Number:208,State:1,Class:16
