----------------------------------------------------------- 
记录时间：2024-03-10 13:25:39 线程名：[1] 级别：ERROR 类名：Common.Util.DBUtil 
信息：sql操行错误
System.Data.SqlClient.SqlException (0x80131904): 执行超时已过期。完成操作之前已超时或服务器未响应。  ---> System.ComponentModel.Win32Exception (0x80004005): 等待的操作过时。
   在 System.Data.SqlClient.SqlConnection.OnError(SqlException exception, Boolean breakConnection, Action`1 wrapCloseInAction)
   在 System.Data.SqlClient.TdsParser.ThrowExceptionAndWarning(TdsParserStateObject stateObj, Boolean callerHasConnectionLock, Boolean asyncClose)
   在 System.Data.SqlClient.TdsParser.TryRun(RunBehavior runBehavior, SqlCommand cmdHandler, SqlDataReader dataStream, BulkCopySimpleResultSet bulkCopyHandler, TdsParserStateObject stateObj, Boolean& dataReady)
   在 System.Data.SqlClient.SqlDataReader.TryConsumeMetaData()
   在 System.Data.SqlClient.SqlDataReader.get_MetaData()
   在 System.Data.SqlClient.SqlCommand.FinishExecuteReader(SqlDataReader ds, RunBehavior runBehavior, String resetOptionsString, Boolean isInternal, Boolean forDescribeParameterEncryption, Boolean shouldCacheForAlwaysEncrypted)
   在 System.Data.SqlClient.SqlCommand.RunExecuteReaderTds(CommandBehavior cmdBehavior, RunBehavior runBehavior, Boolean returnStream, Boolean async, Int32 timeout, Task& task, Boolean asyncWrite, Boolean inRetry, SqlDataReader ds, Boolean describeParameterEncryptionRequest)
   在 System.Data.SqlClient.SqlCommand.RunExecuteReader(CommandBehavior cmdBehavior, RunBehavior runBehavior, Boolean returnStream, String method, TaskCompletionSource`1 completion, Int32 timeout, Task& task, Boolean& usedCache, Boolean asyncWrite, Boolean inRetry)
   在 System.Data.SqlClient.SqlCommand.RunExecuteReader(CommandBehavior cmdBehavior, RunBehavior runBehavior, Boolean returnStream, String method)
   在 System.Data.SqlClient.SqlCommand.ExecuteReader(CommandBehavior behavior, String method)
   在 System.Data.Common.DbDataAdapter.FillInternal(DataSet dataset, DataTable[] datatables, Int32 startRecord, Int32 maxRecords, String srcTable, IDbCommand command, CommandBehavior behavior)
   在 System.Data.Common.DbDataAdapter.Fill(DataTable[] dataTables, Int32 startRecord, Int32 maxRecords, IDbCommand command, CommandBehavior behavior)
   在 System.Data.Common.DbDataAdapter.Fill(DataTable dataTable)
   在 Common.Util.DBUtil.GetDataTable(String strSQL) 位置 E:\Work Projects\设备系统\SBGL\Client\Common\Util\DBUtil.cs:行号 162
ClientConnectionId:04fa864d-e232-4241-9f0e-7a210df2d5b0
Error Number:-2,State:0,Class:11

记录时间：2024-03-10 13:25:39 线程名：[1] 级别：ERROR 类名：LuxMMS.Base.ExceptionHandle 
信息：捕获到未处理的异常
System.Data.SqlClient.SqlException (0x80131904): 执行超时已过期。完成操作之前已超时或服务器未响应。  ---> System.ComponentModel.Win32Exception (0x80004005): 等待的操作过时。
   在 Common.Util.DBUtil.GetDataTable(String strSQL) 位置 E:\Work Projects\设备系统\SBGL\Client\Common\Util\DBUtil.cs:行号 174
   在 Call.FrmBaseError.RefreshGridData() 位置 E:\Work Projects\设备系统\SBGL\Client\Call\FrmBaseError.cs:行号 417
   在 Call.FrmBaseError.FrmBaseError_Load(Object sender, EventArgs e) 位置 E:\Work Projects\设备系统\SBGL\Client\Call\FrmBaseError.cs:行号 105
   在 System.Windows.Forms.Form.OnLoad(EventArgs e)
   在 System.Windows.Forms.Form.OnCreateControl()
   在 System.Windows.Forms.Control.CreateControl(Boolean fIgnoreVisible)
   在 System.Windows.Forms.Control.CreateControl()
   在 System.Windows.Forms.Control.SetVisibleCore(Boolean value)
   在 System.Windows.Forms.Form.SetVisibleCore(Boolean value)
   在 System.Windows.Forms.Control.Show()
   在 LuxMMS.FrmTabFrame.tabItemError_Click(Object sender, EventArgs e) 位置 E:\Work Projects\设备系统\SBGL\Client\LuxMMS\FrmTabFrame.cs:行号 68
   在 LuxMMS.FrmTabFrame.FrmTabFrame_Load(Object sender, EventArgs e) 位置 E:\Work Projects\设备系统\SBGL\Client\LuxMMS\FrmTabFrame.cs:行号 36
   在 System.Windows.Forms.Form.OnLoad(EventArgs e)
   在 System.Windows.Forms.Form.OnCreateControl()
   在 System.Windows.Forms.Control.CreateControl(Boolean fIgnoreVisible)
   在 System.Windows.Forms.Control.CreateControl()
   在 System.Windows.Forms.Control.WmShowWindow(Message& m)
   在 System.Windows.Forms.Control.WndProc(Message& m)
   在 System.Windows.Forms.Form.WmShowWindow(Message& m)
   在 System.Windows.Forms.NativeWindow.Callback(IntPtr hWnd, Int32 msg, IntPtr wparam, IntPtr lparam)
ClientConnectionId:04fa864d-e232-4241-9f0e-7a210df2d5b0
Error Number:-2,State:0,Class:11
----------------------------------------------------------- 
记录时间：2024-03-10 16:28:16 线程名：[1] 级别：ERROR 类名：Common.Util.DBUtil 
信息：sql操行错误
System.Data.SqlClient.SqlException (0x80131904): 对象名 'S_PreviewFileView' 无效。
   在 System.Data.SqlClient.SqlConnection.OnError(SqlException exception, Boolean breakConnection, Action`1 wrapCloseInAction)
   在 System.Data.SqlClient.TdsParser.ThrowExceptionAndWarning(TdsParserStateObject stateObj, Boolean callerHasConnectionLock, Boolean asyncClose)
   在 System.Data.SqlClient.TdsParser.TryRun(RunBehavior runBehavior, SqlCommand cmdHandler, SqlDataReader dataStream, BulkCopySimpleResultSet bulkCopyHandler, TdsParserStateObject stateObj, Boolean& dataReady)
   在 System.Data.SqlClient.SqlDataReader.TryConsumeMetaData()
   在 System.Data.SqlClient.SqlDataReader.get_MetaData()
   在 System.Data.SqlClient.SqlCommand.FinishExecuteReader(SqlDataReader ds, RunBehavior runBehavior, String resetOptionsString, Boolean isInternal, Boolean forDescribeParameterEncryption, Boolean shouldCacheForAlwaysEncrypted)
   在 System.Data.SqlClient.SqlCommand.RunExecuteReaderTds(CommandBehavior cmdBehavior, RunBehavior runBehavior, Boolean returnStream, Boolean async, Int32 timeout, Task& task, Boolean asyncWrite, Boolean inRetry, SqlDataReader ds, Boolean describeParameterEncryptionRequest)
   在 System.Data.SqlClient.SqlCommand.RunExecuteReader(CommandBehavior cmdBehavior, RunBehavior runBehavior, Boolean returnStream, String method, TaskCompletionSource`1 completion, Int32 timeout, Task& task, Boolean& usedCache, Boolean asyncWrite, Boolean inRetry)
   在 System.Data.SqlClient.SqlCommand.RunExecuteReader(CommandBehavior cmdBehavior, RunBehavior runBehavior, Boolean returnStream, String method)
   在 System.Data.SqlClient.SqlCommand.ExecuteReader(CommandBehavior behavior, String method)
   在 System.Data.Common.DbDataAdapter.FillInternal(DataSet dataset, DataTable[] datatables, Int32 startRecord, Int32 maxRecords, String srcTable, IDbCommand command, CommandBehavior behavior)
   在 System.Data.Common.DbDataAdapter.Fill(DataTable[] dataTables, Int32 startRecord, Int32 maxRecords, IDbCommand command, CommandBehavior behavior)
   在 System.Data.Common.DbDataAdapter.Fill(DataTable dataTable)
   在 Common.Util.DBUtil.GetDataTable(String strSQL) 位置 E:\Work Projects\设备系统\SBGL\Client\Common\Util\DBUtil.cs:行号 162
ClientConnectionId:ef32f168-fded-411a-87ba-f48dc7d03078
Error Number:208,State:1,Class:16

记录时间：2024-03-10 16:28:16 线程名：[1] 级别：ERROR 类名：LuxMMS.Base.ExceptionHandle 
信息：捕获到未处理的异常
System.Data.SqlClient.SqlException (0x80131904): 对象名 'S_PreviewFileView' 无效。
   在 Common.Util.DBUtil.GetDataTable(String strSQL) 位置 E:\Work Projects\设备系统\SBGL\Client\Common\Util\DBUtil.cs:行号 174
   在 Basic.FrmFilePreview.GetPreviewList(Int32 sourceFileId) 位置 E:\Work Projects\设备系统\SBGL\Client\BaseInfo\FrmFilePreview.cs:行号 37
   在 Basic.FrmFilePreview..ctor(Int32 sourceFileId) 位置 E:\Work Projects\设备系统\SBGL\Client\BaseInfo\FrmFilePreview.cs:行号 30
   在 Basic.FrmFileManage.dgvFile_CellContentClick(Object sender, DataGridViewCellEventArgs e) 位置 E:\Work Projects\设备系统\SBGL\Client\BaseInfo\FrmFileManage.cs:行号 264
   在 System.Windows.Forms.DataGridView.OnCellContentClick(DataGridViewCellEventArgs e)
   在 System.Windows.Forms.DataGridView.OnCommonCellContentClick(Int32 columnIndex, Int32 rowIndex, Boolean doubleClick)
   在 System.Windows.Forms.DataGridViewCell.OnMouseUpInternal(DataGridViewCellMouseEventArgs e)
   在 System.Windows.Forms.DataGridView.OnCellMouseUp(DataGridViewCellMouseEventArgs e)
   在 System.Windows.Forms.DataGridView.OnMouseUp(MouseEventArgs e)
   在 System.Windows.Forms.Control.WmMouseUp(Message& m, MouseButtons button, Int32 clicks)
   在 System.Windows.Forms.Control.WndProc(Message& m)
   在 System.Windows.Forms.NativeWindow.Callback(IntPtr hWnd, Int32 msg, IntPtr wparam, IntPtr lparam)
ClientConnectionId:ef32f168-fded-411a-87ba-f48dc7d03078
Error Number:208,State:1,Class:16

记录时间：2024-03-10 16:28:51 线程名：[1] 级别：ERROR 类名：Common.Util.DBUtil 
信息：sql操行错误
System.Data.SqlClient.SqlException (0x80131904): 对象名 'S_PreviewFileView' 无效。
   在 System.Data.SqlClient.SqlConnection.OnError(SqlException exception, Boolean breakConnection, Action`1 wrapCloseInAction)
   在 System.Data.SqlClient.TdsParser.ThrowExceptionAndWarning(TdsParserStateObject stateObj, Boolean callerHasConnectionLock, Boolean asyncClose)
   在 System.Data.SqlClient.TdsParser.TryRun(RunBehavior runBehavior, SqlCommand cmdHandler, SqlDataReader dataStream, BulkCopySimpleResultSet bulkCopyHandler, TdsParserStateObject stateObj, Boolean& dataReady)
   在 System.Data.SqlClient.SqlDataReader.TryConsumeMetaData()
   在 System.Data.SqlClient.SqlDataReader.get_MetaData()
   在 System.Data.SqlClient.SqlCommand.FinishExecuteReader(SqlDataReader ds, RunBehavior runBehavior, String resetOptionsString, Boolean isInternal, Boolean forDescribeParameterEncryption, Boolean shouldCacheForAlwaysEncrypted)
   在 System.Data.SqlClient.SqlCommand.RunExecuteReaderTds(CommandBehavior cmdBehavior, RunBehavior runBehavior, Boolean returnStream, Boolean async, Int32 timeout, Task& task, Boolean asyncWrite, Boolean inRetry, SqlDataReader ds, Boolean describeParameterEncryptionRequest)
   在 System.Data.SqlClient.SqlCommand.RunExecuteReader(CommandBehavior cmdBehavior, RunBehavior runBehavior, Boolean returnStream, String method, TaskCompletionSource`1 completion, Int32 timeout, Task& task, Boolean& usedCache, Boolean asyncWrite, Boolean inRetry)
   在 System.Data.SqlClient.SqlCommand.RunExecuteReader(CommandBehavior cmdBehavior, RunBehavior runBehavior, Boolean returnStream, String method)
   在 System.Data.SqlClient.SqlCommand.ExecuteReader(CommandBehavior behavior, String method)
   在 System.Data.Common.DbDataAdapter.FillInternal(DataSet dataset, DataTable[] datatables, Int32 startRecord, Int32 maxRecords, String srcTable, IDbCommand command, CommandBehavior behavior)
   在 System.Data.Common.DbDataAdapter.Fill(DataTable[] dataTables, Int32 startRecord, Int32 maxRecords, IDbCommand command, CommandBehavior behavior)
   在 System.Data.Common.DbDataAdapter.Fill(DataTable dataTable)
   在 Common.Util.DBUtil.GetDataTable(String strSQL) 位置 E:\Work Projects\设备系统\SBGL\Client\Common\Util\DBUtil.cs:行号 162
ClientConnectionId:ef32f168-fded-411a-87ba-f48dc7d03078
Error Number:208,State:1,Class:16

记录时间：2024-03-10 16:29:06 线程名：[1] 级别：ERROR 类名：LuxMMS.Base.ExceptionHandle 
信息：捕获到未处理的异常
System.Data.SqlClient.SqlException (0x80131904): 对象名 'S_PreviewFileView' 无效。
   在 Common.Util.DBUtil.GetDataTable(String strSQL) 位置 E:\Work Projects\设备系统\SBGL\Client\Common\Util\DBUtil.cs:行号 174
   在 Basic.FrmFilePreview.GetPreviewList(Int32 sourceFileId) 位置 E:\Work Projects\设备系统\SBGL\Client\BaseInfo\FrmFilePreview.cs:行号 37
   在 Basic.FrmFilePreview..ctor(Int32 sourceFileId) 位置 E:\Work Projects\设备系统\SBGL\Client\BaseInfo\FrmFilePreview.cs:行号 30
   在 Basic.FrmFileManage.dgvFile_CellContentClick(Object sender, DataGridViewCellEventArgs e) 位置 E:\Work Projects\设备系统\SBGL\Client\BaseInfo\FrmFileManage.cs:行号 264
   在 System.Windows.Forms.DataGridView.OnCellContentClick(DataGridViewCellEventArgs e)
   在 System.Windows.Forms.DataGridView.OnCommonCellContentClick(Int32 columnIndex, Int32 rowIndex, Boolean doubleClick)
   在 System.Windows.Forms.DataGridViewCell.OnMouseUpInternal(DataGridViewCellMouseEventArgs e)
   在 System.Windows.Forms.DataGridView.OnCellMouseUp(DataGridViewCellMouseEventArgs e)
   在 System.Windows.Forms.DataGridView.OnMouseUp(MouseEventArgs e)
   在 System.Windows.Forms.Control.WmMouseUp(Message& m, MouseButtons button, Int32 clicks)
   在 System.Windows.Forms.Control.WndProc(Message& m)
   在 System.Windows.Forms.NativeWindow.Callback(IntPtr hWnd, Int32 msg, IntPtr wparam, IntPtr lparam)
ClientConnectionId:ef32f168-fded-411a-87ba-f48dc7d03078
Error Number:208,State:1,Class:16
----------------------------------------------------------- 
记录时间：2024-03-10 16:30:43 线程名：[1] 级别：ERROR 类名：Common.Util.DBUtil 
信息：sql操行错误
System.Data.SqlClient.SqlException (0x80131904): 对象名 'S_PreviewFileView' 无效。
   在 System.Data.SqlClient.SqlConnection.OnError(SqlException exception, Boolean breakConnection, Action`1 wrapCloseInAction)
   在 System.Data.SqlClient.TdsParser.ThrowExceptionAndWarning(TdsParserStateObject stateObj, Boolean callerHasConnectionLock, Boolean asyncClose)
   在 System.Data.SqlClient.TdsParser.TryRun(RunBehavior runBehavior, SqlCommand cmdHandler, SqlDataReader dataStream, BulkCopySimpleResultSet bulkCopyHandler, TdsParserStateObject stateObj, Boolean& dataReady)
   在 System.Data.SqlClient.SqlDataReader.TryConsumeMetaData()
   在 System.Data.SqlClient.SqlDataReader.get_MetaData()
   在 System.Data.SqlClient.SqlCommand.FinishExecuteReader(SqlDataReader ds, RunBehavior runBehavior, String resetOptionsString, Boolean isInternal, Boolean forDescribeParameterEncryption, Boolean shouldCacheForAlwaysEncrypted)
   在 System.Data.SqlClient.SqlCommand.RunExecuteReaderTds(CommandBehavior cmdBehavior, RunBehavior runBehavior, Boolean returnStream, Boolean async, Int32 timeout, Task& task, Boolean asyncWrite, Boolean inRetry, SqlDataReader ds, Boolean describeParameterEncryptionRequest)
   在 System.Data.SqlClient.SqlCommand.RunExecuteReader(CommandBehavior cmdBehavior, RunBehavior runBehavior, Boolean returnStream, String method, TaskCompletionSource`1 completion, Int32 timeout, Task& task, Boolean& usedCache, Boolean asyncWrite, Boolean inRetry)
   在 System.Data.SqlClient.SqlCommand.RunExecuteReader(CommandBehavior cmdBehavior, RunBehavior runBehavior, Boolean returnStream, String method)
   在 System.Data.SqlClient.SqlCommand.ExecuteReader(CommandBehavior behavior, String method)
   在 System.Data.Common.DbDataAdapter.FillInternal(DataSet dataset, DataTable[] datatables, Int32 startRecord, Int32 maxRecords, String srcTable, IDbCommand command, CommandBehavior behavior)
   在 System.Data.Common.DbDataAdapter.Fill(DataTable[] dataTables, Int32 startRecord, Int32 maxRecords, IDbCommand command, CommandBehavior behavior)
   在 System.Data.Common.DbDataAdapter.Fill(DataTable dataTable)
   在 Common.Util.DBUtil.GetDataTable(String strSQL) 位置 E:\Work Projects\设备系统\SBGL\Client\Common\Util\DBUtil.cs:行号 162
ClientConnectionId:7373070f-bd20-4646-bef0-9530083cb492
Error Number:208,State:1,Class:16
----------------------------------------------------------- 
记录时间：2024-03-10 16:30:58 线程名：[1] 级别：ERROR 类名：LuxMMS.Base.ExceptionHandle 
信息：捕获到未处理的异常
System.ArgumentException: 列“PageNo”不属于表 。
   在 System.Data.DataRow.GetDataColumn(String columnName)
   在 System.Data.DataRow.get_Item(String columnName)
   在 Basic.FrmFilePreview.GetPreviewList(Int32 sourceFileId) 位置 E:\Work Projects\设备系统\SBGL\Client\BaseInfo\FrmFilePreview.cs:行号 45
   在 Basic.FrmFilePreview..ctor(Int32 sourceFileId) 位置 E:\Work Projects\设备系统\SBGL\Client\BaseInfo\FrmFilePreview.cs:行号 30
   在 Basic.FrmFileManage.dgvFile_CellContentClick(Object sender, DataGridViewCellEventArgs e) 位置 E:\Work Projects\设备系统\SBGL\Client\BaseInfo\FrmFileManage.cs:行号 264
   在 System.Windows.Forms.DataGridView.OnCellContentClick(DataGridViewCellEventArgs e)
   在 System.Windows.Forms.DataGridView.OnCommonCellContentClick(Int32 columnIndex, Int32 rowIndex, Boolean doubleClick)
   在 System.Windows.Forms.DataGridViewCell.OnMouseUpInternal(DataGridViewCellMouseEventArgs e)
   在 System.Windows.Forms.DataGridView.OnCellMouseUp(DataGridViewCellMouseEventArgs e)
   在 System.Windows.Forms.DataGridView.OnMouseUp(MouseEventArgs e)
   在 System.Windows.Forms.Control.WmMouseUp(Message& m, MouseButtons button, Int32 clicks)
   在 System.Windows.Forms.Control.WndProc(Message& m)
   在 System.Windows.Forms.NativeWindow.Callback(IntPtr hWnd, Int32 msg, IntPtr wparam, IntPtr lparam)
----------------------------------------------------------- 
记录时间：2024-03-10 16:43:48 线程名：[1] 级别：ERROR 类名：LuxMMS.Base.ExceptionHandle 
信息：捕获到未处理的异常
System.ArgumentOutOfRangeException: 索引超出范围。必须为非负值并小于集合大小。
参数名: index
   在 System.Collections.ArrayList.get_Item(Int32 index)
   在 System.Windows.Forms.DataGridViewSelectedRowCollection.get_Item(Int32 index)
   在 Basic.FrmFileManage.btnChange_Click(Object sender, EventArgs e) 位置 E:\Work Projects\设备系统\SBGL\Client\BaseInfo\FrmFileManage.cs:行号 139
   在 System.Windows.Forms.Control.OnClick(EventArgs e)
   在 System.Windows.Forms.Button.OnMouseUp(MouseEventArgs mevent)
   在 System.Windows.Forms.Control.WmMouseUp(Message& m, MouseButtons button, Int32 clicks)
   在 System.Windows.Forms.Control.WndProc(Message& m)
   在 System.Windows.Forms.ButtonBase.WndProc(Message& m)
   在 System.Windows.Forms.Button.WndProc(Message& m)
   在 System.Windows.Forms.NativeWindow.Callback(IntPtr hWnd, Int32 msg, IntPtr wparam, IntPtr lparam)

记录时间：2024-03-10 16:44:06 线程名：[1] 级别：ERROR 类名：LuxMMS.Base.ExceptionHandle 
信息：捕获到未处理的异常
System.ArgumentOutOfRangeException: 索引超出范围。必须为非负值并小于集合大小。
参数名: index
   在 System.Collections.ArrayList.get_Item(Int32 index)
   在 System.Windows.Forms.DataGridViewSelectedRowCollection.get_Item(Int32 index)
   在 Basic.FrmFileManage.btnChange_Click(Object sender, EventArgs e) 位置 E:\Work Projects\设备系统\SBGL\Client\BaseInfo\FrmFileManage.cs:行号 139
   在 System.Windows.Forms.Control.OnClick(EventArgs e)
   在 System.Windows.Forms.Button.OnMouseUp(MouseEventArgs mevent)
   在 System.Windows.Forms.Control.WmMouseUp(Message& m, MouseButtons button, Int32 clicks)
   在 System.Windows.Forms.Control.WndProc(Message& m)
   在 System.Windows.Forms.ButtonBase.WndProc(Message& m)
   在 System.Windows.Forms.Button.WndProc(Message& m)
   在 System.Windows.Forms.NativeWindow.Callback(IntPtr hWnd, Int32 msg, IntPtr wparam, IntPtr lparam)

记录时间：2024-03-10 16:44:08 线程名：[1] 级别：ERROR 类名：LuxMMS.Base.ExceptionHandle 
信息：捕获到未处理的异常
System.ArgumentOutOfRangeException: 索引超出范围。必须为非负值并小于集合大小。
参数名: index
   在 System.Collections.ArrayList.get_Item(Int32 index)
   在 System.Windows.Forms.DataGridViewSelectedRowCollection.get_Item(Int32 index)
   在 Basic.FrmFileManage.btnChange_Click(Object sender, EventArgs e) 位置 E:\Work Projects\设备系统\SBGL\Client\BaseInfo\FrmFileManage.cs:行号 139
   在 System.Windows.Forms.Control.OnClick(EventArgs e)
   在 System.Windows.Forms.Button.OnMouseUp(MouseEventArgs mevent)
   在 System.Windows.Forms.Control.WmMouseUp(Message& m, MouseButtons button, Int32 clicks)
   在 System.Windows.Forms.Control.WndProc(Message& m)
   在 System.Windows.Forms.ButtonBase.WndProc(Message& m)
   在 System.Windows.Forms.Button.WndProc(Message& m)
   在 System.Windows.Forms.NativeWindow.Callback(IntPtr hWnd, Int32 msg, IntPtr wparam, IntPtr lparam)
----------------------------------------------------------- 
记录时间：2024-03-10 16:49:15 线程名：[1] 级别：ERROR 类名：LuxMMS.Base.ExceptionHandle 
信息：捕获到未处理的异常
System.ArgumentOutOfRangeException: 索引超出范围。必须为非负值并小于集合大小。
参数名: index
   在 System.Collections.ArrayList.get_Item(Int32 index)
   在 System.Windows.Forms.DataGridViewSelectedRowCollection.get_Item(Int32 index)
   在 Basic.FrmFileManage.btnChange_Click(Object sender, EventArgs e) 位置 E:\Work Projects\设备系统\SBGL\Client\BaseInfo\FrmFileManage.cs:行号 139
   在 System.Windows.Forms.Control.OnClick(EventArgs e)
   在 System.Windows.Forms.Button.OnMouseUp(MouseEventArgs mevent)
   在 System.Windows.Forms.Control.WmMouseUp(Message& m, MouseButtons button, Int32 clicks)
   在 System.Windows.Forms.Control.WndProc(Message& m)
   在 System.Windows.Forms.ButtonBase.WndProc(Message& m)
   在 System.Windows.Forms.Button.WndProc(Message& m)
   在 System.Windows.Forms.NativeWindow.Callback(IntPtr hWnd, Int32 msg, IntPtr wparam, IntPtr lparam)
