----------------------------------------------------------- 
记录时间：2024-03-03 13:05:48 线程名：[1] 级别：ERROR 类名：Common.Utils.DBUtil 
信息：sql操行错误
System.Data.SqlClient.SqlException (0x80131904): 在将 varchar 值 '%%' 转换成数据类型 int 时失败。
   在 System.Data.SqlClient.SqlConnection.OnError(SqlException exception, Boolean breakConnection, Action`1 wrapCloseInAction)
   在 System.Data.SqlClient.TdsParser.ThrowExceptionAndWarning(TdsParserStateObject stateObj, Boolean callerHasConnectionLock, Boolean asyncClose)
   在 System.Data.SqlClient.TdsParser.TryRun(RunBehavior runBehavior, SqlCommand cmdHandler, SqlDataReader dataStream, BulkCopySimpleResultSet bulkCopyHandler, TdsParserStateObject stateObj, Boolean& dataReady)
   在 System.Data.SqlClient.SqlDataReader.TryHasMoreRows(Boolean& moreRows)
   在 System.Data.SqlClient.SqlDataReader.TryReadInternal(Boolean setTimeout, Boolean& more)
   在 System.Data.SqlClient.SqlDataReader.Read()
   在 System.Data.Common.DataAdapter.FillLoadDataRow(SchemaMapping mapping)
   在 System.Data.Common.DataAdapter.FillFromReader(DataSet dataset, DataTable datatable, String srcTable, DataReaderContainer dataReader, Int32 startRecord, Int32 maxRecords, DataColumn parentChapterColumn, Object parentChapterValue)
   在 System.Data.Common.DataAdapter.Fill(DataTable[] dataTables, IDataReader dataReader, Int32 startRecord, Int32 maxRecords)
   在 System.Data.Common.DbDataAdapter.FillInternal(DataSet dataset, DataTable[] datatables, Int32 startRecord, Int32 maxRecords, String srcTable, IDbCommand command, CommandBehavior behavior)
   在 System.Data.Common.DbDataAdapter.Fill(DataTable[] dataTables, Int32 startRecord, Int32 maxRecords, IDbCommand command, CommandBehavior behavior)
   在 System.Data.Common.DbDataAdapter.Fill(DataTable dataTable)
   在 Common.Utils.DBUtil.GetDataTable(String strSQL) 位置 E:\Work Projects\设备系统\SBGL\Client\Common\Utils\DBUtil.cs:行号 162
ClientConnectionId:f10581c2-f428-449c-91a4-ea5e5d1038f4
Error Number:245,State:1,Class:16

记录时间：2024-03-03 13:06:02 线程名：[1] 级别：ERROR 类名：LuxMMS.Utils.ExceptionHandle 
信息：捕获到未处理的异常
System.Data.SqlClient.SqlException (0x80131904): 在将 varchar 值 '%%' 转换成数据类型 int 时失败。
   在 Common.Utils.DBUtil.GetDataTable(String strSQL) 位置 E:\Work Projects\设备系统\SBGL\Client\Common\Utils\DBUtil.cs:行号 174
   在 Machine.FrmAssetFileBind.txbFileKeyword_TextChanged(Object sender, EventArgs e) 位置 E:\Work Projects\设备系统\SBGL\Client\Machine\FrmAssetFileBind.cs:行号 163
   在 System.Windows.Forms.Control.OnTextChanged(EventArgs e)
   在 System.Windows.Forms.TextBoxBase.OnTextChanged(EventArgs e)
   在 System.Windows.Forms.TextBoxBase.WmReflectCommand(Message& m)
   在 System.Windows.Forms.TextBox.WndProc(Message& m)
   在 System.Windows.Forms.NativeWindow.Callback(IntPtr hWnd, Int32 msg, IntPtr wparam, IntPtr lparam)
ClientConnectionId:f10581c2-f428-449c-91a4-ea5e5d1038f4
Error Number:245,State:1,Class:16
----------------------------------------------------------- 
记录时间：2024-03-03 16:18:58 线程名：[1] 级别：ERROR 类名：Common.Utils.DBUtil 
信息：
System.InvalidOperationException: ExecuteNonQuery: CommandText 属性尚未初始化
   在 System.Data.SqlClient.SqlCommand.ValidateCommand(String method, Boolean async)
   在 System.Data.SqlClient.SqlCommand.InternalExecuteNonQuery(TaskCompletionSource`1 completion, String methodName, Boolean sendToPipe, Int32 timeout, Boolean& usedCache, Boolean asyncWrite, Boolean inRetry)
   在 System.Data.SqlClient.SqlCommand.ExecuteNonQuery()
   在 Common.Utils.DBUtil.ExecSQL(String strSQL) 位置 E:\Work Projects\设备系统\SBGL\Client\Common\Utils\DBUtil.cs:行号 245

记录时间：2024-03-03 16:19:27 线程名：[1] 级别：ERROR 类名：LuxMMS.Utils.ExceptionHandle 
信息：捕获到未处理的异常
System.InvalidOperationException: ExecuteNonQuery: CommandText 属性尚未初始化
   在 Common.Utils.DBUtil.ExecSQL(String strSQL) 位置 E:\Work Projects\设备系统\SBGL\Client\Common\Utils\DBUtil.cs:行号 256
   在 Machine.FrmAssetFileBind.btnUnBind_Click(Object sender, EventArgs e) 位置 E:\Work Projects\设备系统\SBGL\Client\Machine\FrmAssetFileBind.cs:行号 146
   在 System.Windows.Forms.Control.OnClick(EventArgs e)
   在 DevComponents.DotNetBar.ButtonX.OnClick(EventArgs e)
   在 DevComponents.DotNetBar.ButtonX.OnMouseUp(MouseEventArgs e)
   在 System.Windows.Forms.Control.WmMouseUp(Message& m, MouseButtons button, Int32 clicks)
   在 System.Windows.Forms.Control.WndProc(Message& m)
   在 System.Windows.Forms.NativeWindow.Callback(IntPtr hWnd, Int32 msg, IntPtr wparam, IntPtr lparam)
----------------------------------------------------------- 
记录时间：2024-03-03 16:39:08 线程名：[1] 级别：ERROR 类名：Common.Utils.DBUtil 
信息：sql操行错误
System.Data.SqlClient.SqlException (0x80131904): 列名 'AssetNo' 不明确。
   在 System.Data.SqlClient.SqlConnection.OnError(SqlException exception, Boolean breakConnection, Action`1 wrapCloseInAction)
   在 System.Data.SqlClient.TdsParser.ThrowExceptionAndWarning(TdsParserStateObject stateObj, Boolean callerHasConnectionLock, Boolean asyncClose)
   在 System.Data.SqlClient.TdsParser.TryRun(RunBehavior runBehavior, SqlCommand cmdHandler, SqlDataReader dataStream, BulkCopySimpleResultSet bulkCopyHandler, TdsParserStateObject stateObj, Boolean& dataReady)
   在 System.Data.SqlClient.SqlDataReader.TryConsumeMetaData()
   在 System.Data.SqlClient.SqlDataReader.get_MetaData()
   在 System.Data.SqlClient.SqlCommand.FinishExecuteReader(SqlDataReader ds, RunBehavior runBehavior, String resetOptionsString, Boolean isInternal, Boolean forDescribeParameterEncryption, Boolean shouldCacheForAlwaysEncrypted)
   在 System.Data.SqlClient.SqlCommand.RunExecuteReaderTds(CommandBehavior cmdBehavior, RunBehavior runBehavior, Boolean returnStream, Boolean async, Int32 timeout, Task& task, Boolean asyncWrite, Boolean inRetry, SqlDataReader ds, Boolean describeParameterEncryptionRequest)
   在 System.Data.SqlClient.SqlCommand.RunExecuteReader(CommandBehavior cmdBehavior, RunBehavior runBehavior, Boolean returnStream, String method, TaskCompletionSource`1 completion, Int32 timeout, Task& task, Boolean& usedCache, Boolean asyncWrite, Boolean inRetry)
   在 System.Data.SqlClient.SqlCommand.RunExecuteReader(CommandBehavior cmdBehavior, RunBehavior runBehavior, Boolean returnStream, String method)
   在 System.Data.SqlClient.SqlCommand.ExecuteReader(CommandBehavior behavior, String method)
   在 System.Data.Common.DbDataAdapter.FillInternal(DataSet dataset, DataTable[] datatables, Int32 startRecord, Int32 maxRecords, String srcTable, IDbCommand command, CommandBehavior behavior)
   在 System.Data.Common.DbDataAdapter.Fill(DataTable[] dataTables, Int32 startRecord, Int32 maxRecords, IDbCommand command, CommandBehavior behavior)
   在 System.Data.Common.DbDataAdapter.Fill(DataTable dataTable)
   在 Common.Utils.DBUtil.GetDataTable(String strSQL) 位置 E:\Work Projects\设备系统\SBGL\Client\Common\Utils\DBUtil.cs:行号 162
ClientConnectionId:0add1d46-e76d-4805-9e03-b6c0f27faaf7
Error Number:209,State:1,Class:16
